2 3 5 7 
0
1
2
3
0 1
1 2
2 4
3 3
4 5
5 6
6 21
7 8
8 243
9 10
10 20
11 32
12 7
13 63
14 42
15 9
16 12
17 256
18 384
19 25
20 16
21 40
22 60
23 160
24 320
25 14
26 112
27 147
28 64
29 96
30 84
31 480
32 15
33 27
34 36
35 324
36 729
37 1152
38 6561
39 30
40 125
41 50
42 24
43 70
44 140
45 280
46 80
47 540
48 4480
49 1600
50 640
51 18
52 28
53 162
54 486
55 1458
56 1029
57 189
58 630
59 294
60 126
61 2592
62 252
63 756
64 4320
65 75
66 45
67 135
68 576
69 81
70 108
71 1344
72 972
73 2688
74 8748
75 2187
76 3456
77 11520
78 64512
79 150
80 90
81 512
82 270
83 810
84 2430
85 250
86 35
87 72
88 216
89 648
90 200
91 1000
92 300
93 400
94 180
95 2700
96 800
97 4860
98 8960
99 2048
100 35840
101 3200
102 6144
103 48
104 49
105 54
106 56
107 224
108 448
109 1792
110 2835
111 8505
112 20480
113 76545
114 4374
115 441
116 210
117 720
118 3150
119 1890
120 2058
121 288
122 864
123 10206
124 7776
125 420
126 588
127 1260
128 1440
129 11340
130 12960
131 128
132 1512
133 13608
134 225
135 336
136 192
137 675
138 1728
139 405
140 672
141 1680
142 1215
143 15120
144 3645
145 12096
146 1920
147 2916
148 3360
149 10080
150 30240
151 5376
152 145152
153 78732
154 3840
155 20160
156 21504
157 103680
158 311040
159 13440
160 750
161 7680
162 450
163 2250
164 59049
165 625
166 768
167 2304
168 4050
169 20736
170 12150
171 1250
172 6250
173 245
174 175
175 4375
176 100
177 490
178 350
179 8750
180 1536
181 700
182 1024
183 5000
184 1960
185 1400
186 1500
187 560
188 2800
189 900
190 1120
191 28000
192 13500
193 2240
194 1620
195 20000
196 24300
197 62720
198 14580
199 17920
200 8000
201 179200
202 131220
203 71680
204 143360
205 16000
206 400000
207 18432
208 55296
209 1280
210 144
211 120
212 98
213 196
214 392
215 315
216 1080
217 3136
218 896
219 4725
220 3584
221 7168
222 10240
223 28672
224 42525
225 25515
226 127575
227 102400
228 229635
229 24576
230 8192
231 7203
232 3087
233 1050
234 240
235 1701
236 3600
237 15309
238 137781
239 2160
240 47250
241 5670
242 14406
243 882
244 378
245 1134
246 3402
247 71442
248 30618
249 91854
250 98304
251 294912
252 2100
253 4116
254 1764
255 2400
256 2268
257 3780
258 7200
259 61236
260 21600
261 34020
262 64800
263 168
264 375
265 9375
266 4536
267 95256
268 40824
269 840
270 1125
271 2520
272 2352
273 1008
274 3024
275 960
276 16875
277 2880
278 72000
279 8640
280 2025
281 4704
282 2016
283 6048
284 8400
285 6075
286 5040
287 25200
288 105840
289 9408
290 4032
291 36288
292 108864
293 9600
294 10935
295 5760
296 18816
297 8064
298 24192
299 51840
300 50400
301 98415
302 151200
303 26244
304 16128
305 262144
306 435456
307 3919104
308 885735
309 6720
310 32256
311 31104
312 60480
313 34560
314 93312
315 279936
316 193536
317 839808
318 933120
319 19683
320 129024
321 3750
322 18750
323 362880
324 38400
325 192000
326 23040
327 11250
328 56250
329 80640
330 207360
331 241920
332 1350
333 15625
334 78125
335 53760
336 161280
337 6912
338 15360
339 1451520
340 46080
341 62208
342 60750
343 186624
344 967680
345 559872
346 7290
347 156250
348 1715
349 1225
350 875
351 30625
352 21875
353 109375
354 65610
355 500
356 2500
357 2450
358 1750
359 61250
360 43750
361 61440
362 7680000
363 980
364 4900
365 3500
366 1944
367 41472
368 2187500
369 25000
370 5832
371 9800
372 7000
373 175000
374 17496
375 7500
376 3920
377 19600
378 14000
379 2000
380 4500
381 50000
382 5600
383 39200
384 140000
385 700000
386 67500
387 15680
388 3072
389 9216
390 4000
391 27648
392 22400
393 112000
394 82944
395 121500
396 248832
397 44800
398 746496
399 72900
400 125440
401 89600
402 40000
403 200000
404 250880
405 896000
406 656100
407 358400
408 1792000
409 393660
410 716800
411 3584000
412 80000
413 1433600
414 573440
415 2867200
416 1146880
417 5734400
418 2293760
419 165888
420 6400
421 32000
422 343
423 432
424 3000
425 105
426 525
427 1296
428 360
429 1800
430 2744
431 320000
432 784
433 1575
434 1568
435 39375
436 11664
437 5120
438 945
439 16200
440 12544
441 87808
442 25088
443 9720
444 14175
445 70875
446 14336
447 29160
448 59535
449 57344
450 87480
451 437400
452 178605
453 458752
454 262440
455 535815
456 382725
457 787320
458 1607445
459 1148175
460 11809800
461 688905
462 40960
463 50421
464 221184
465 13122
466 1058841
467 1323
468 7350
469 567
470 6000
471 11907
472 583443
473 5103
474 4410
475 15750
476 45927
477 321489
478 964467
479 10800
480 9450
481 49152
482 236250
483 6480
484 32400
485 28350
486 16384
487 19440
488 6174
489 85050
490 2646
491 58320
492 7938
493 255150
494 23814
495 153090
496 500094
497 19136250
498 214326
499 642978
500 275562
501 1574640
502 826686
503 2480058
504 5242880
505 2940
506 14700
507 10500
508 28812
509 262500
510 12348
511 8820
512 5292
513 31500
514 15876
515 6804
516 26460
517 18900
518 94500
519 428652
520 183708
521 56700
522 108000
523 1417500
524 238140
525 170100
526 324000
527 1176
528 57624
529 504
530 1875
531 10584
532 46875
533 31752
534 222264
535 666792
536 349920
537 285768
538 122472
539 5880
540 4200
541 21000
542 5625
543 28125
544 17640
545 12600
546 16464
547 315000
548 7056
549 7560
550 21168
551 4800
552 3375
553 22680
554 84375
555 81648
556 14400
557 340200
558 734832
559 204120
560 1020600
561 43200
562 5184
563 10125
564 25920
565 14112
566 691488
567 42336
568 77760
569 11760
570 46656
571 42000
572 139968
573 30375
574 35280
575 126000
576 630000
577 2099520
578 419904
579 65856
580 378000
581 18225
582 45360
583 84672
584 2278125
585 136080
586 680400
587 326592
588 48000
589 979776
590 54675
591 273375
592 28800
593 720000
594 131712
595 17280
596 16800
597 32805
598 164025
599 72576
600 70560
601 352800
602 252000
603 155520
604 211680
605 492075
606 466560
607 37632
608 453600
609 112896
610 48384
611 295245
612 816480
613 3048192
614 1306368
615 9144576
616 7348320
617 22044960
618 4428675
619 10368
620 19200
621 225792
622 96768
623 100800
624 57600
625 288000
626 423360
627 302400
628 172800
629 181440
630 150528
631 708588
632 451584
633 1354752
634 580608
635 1555200
636 1741824
637 5225472
638 4665600
639 94080
640 43008
641 1680000
642 903168
643 40320
644 1008000
645 3483648
646 93750
647 468750
648 2343750
649 86016
650 258048
651 774144
652 3265920
653 2322432
654 115200
655 576000
656 26880
657 134400
658 69120
659 1406250
660 403200
661 524288
662 1036800
663 1209600
664 344064
665 3125
666 6750
667 33750
668 168750
669 843750
670 688128
671 390625
672 268800
673 1344000
674 1953125
675 806400
676 20250
677 101250
678 76800
679 1920000
680 2752512
681 4354560
682 230400
683 5760000
684 107520
685 138240
686 1048576
687 303750
688 414720
689 6773760
690 4838400
691 1244160
692 8709120
693 31250
694 36450
695 182250
696 911250
697 531441
698 12005
699 3906250
700 8575
701 21870
702 6125
703 546750
704 214375
705 92160
706 153125
707 765625
708 276480
709 1382400
710 328050
711 829440
712 860160
713 3430
714 1176490
715 12500
716 196830
717 12250
718 600250
719 312500
720 3001250
721 306250
722 218750
723 1093750
724 307200
725 10321920
726 30965760
727 4608
728 48020
729 4782969
730 34300
731 13824
732 171500
733 17500
734 6002500
735 87500
736 437500
737 4194304
738 10937500
739 44789760
740 124416
741 13720
742 4705960
743 68600
744 614400
745 49000
746 35000
747 245000
748 1119744
749 875000
750 1105920
751 21875000
752 37500
753 27440
754 192080
755 137200
756 960400
757 52488
758 70000
759 157464
760 350000
761 10000
762 22500
763 112500
764 562500
765 7840
766 250000
767 274400
768 196000
769 1372000
770 980000
771 4900000
772 3500000
773 17500000
774 337500
775 109760
776 491520
777 11200
778 56000
779 392000
780 280000
781 8100
782 40500
783 202500
784 1012500
785 31360
786 100000
787 1097600
788 500000
789 560000
790 2800000
791 12500000
792 607500
793 3037500
794 439040
795 313600
796 224000
797 1568000
798 1120000
799 2239488
800 364500
801 1822500
802 878080
803 627200
804 448000
805 3136000
806 43740
807 218700
808 1093500
809 1000000
810 1254400
811 5000000
812 4480000
813 22400000
814 35389440
815 501760
816 16402500
817 2508800
818 7864320
819 8960000
820 23592960
821 1003520
822 5017600
823 25088000
824 17920000
825 15728640
826 286720
827 5904900
828 7168000
829 35840000
830 2000000
831 3542940
832 14336000
833 71680000
834 8028160
835 10628820
836 28672000
837 143360000
838 16056320
839 11468800
840 159432300
841 4587520
842 22937600
843 9175040
844 45875200
845 160000
846 2401
847 16807
848 600
849 1492992
850 15000
851 686
852 4802
853 235298
854 3675
855 2625
856 1372
857 9604
858 2560
859 65625
860 9000
861 4096
862 19208
863 941192
864 5625000
865 2205
866 5488
867 11025
868 77175
869 5400
870 10976
871 76832
872 196875
873 1378125
874 984375
875 21952
876 1075648
877 6615
878 3240
879 33075
880 81000
881 23625
882 36864
883 614656
884 590625
885 2953125
886 110592
887 175616
888 19845
889 243000
890 50176
891 2458624
892 496125
893 100352
894 702464
895 314928
896 51200
897 200704
898 416745
899 297675
900 212625
901 1488375
902 114688
903 802816
904 2187000
905 229376
906 1250235
907 893025
908 637875
909 3189375
910 917504
911 6422528
912 1835008
913 3750705
914 512000
915 1913625
916 3936600
917 19683000
918 11252115
919 8037225
920 2361960
921 28704375
922 59049000
923 4822335
924 3444525
925 7085880
926 73728
927 204800
928 352947
929 6200145
930 1024000
931 663552
932 21609
933 7411887
934 51883209
935 76527504
936 1470
937 72030
938 22235661
939 51450
940 1200
941 194481
942 26250
943 131250
944 83349
945 656250
946 3281250
947 16406250
948 35721
949 30870
950 1512630
951 18000
952 90000
953 110250
954 78750
955 819200
956 393750
957 1968750
958 6751269
959 47258883
960 13230
961 54000
962 66150
963 1350000
964 330750
965 327680
966 1181250
967 5906250
968 1638400
969 147456
970 39690
971 810000
972 118098
973 141750
974 100842
975 4941258
976 3543750
977 97200
978 17010
979 302526
980 595350
981 425250
982 18522
983 129654
984 6353046
985 291600
986 51030
987 388962
988 1275750
989 1310720
990 166698
991 174960
992 874800
993 765450
994 1062882
995 24504606
996 95681250
997 459270
998 2296350
999 2621440
1000 4500846
1001 1377810
1002 6889050
1003 1928934
1004 4133430
1005 5786802
1006 40507614
1007 12400290
1008 4723920
1009 7440174
1010 52081218
1011 22320522
1012 20580
1013 7058940
1014 23328
1015 35294700
1016 69984
1017 52500
1018 1411788
1019 1837500
1020 1312500
1021 86436
1022 605052
1023 209952
1024 61740
1025 6300
1026 12000
1027 60000
1028 157500
1029 111132
1030 777924
1031 3937500
1032 19687500
1033 47628
1034 185220
1035 132300
1036 20412
1037 180000
1038 472500
1039 2362500
1040 3000564
1041 59062500
1042 1285956
1043 79380
1044 196608
1045 2778300
1046 283500
1047 1653372
1048 7087500
1049 4960116
1050 589824
1051 1666980
1052 1190700
1053 850500
1054 4252500
1055 1620000
1056 8232
1057 102060
1058 510300
1059 2551500
1060 3528
1061 24696
1062 306180
1063 1530900
1064 7654500
1065 74088
1066 3630312
1067 116640
1068 234375
1069 1171875
1070 2755620
1071 5859375
1072 68890500
1073 4667544
1074 29296875
1075 1749600
1076 2000376
1077 43740000
1078 857304
1079 41160
1080 288120
1081 29400
1082 1440600
1083 147000
1084 105000
1085 3149280
1086 525000
1087 2625000
1088 13125000
1089 29760696
1090 123480
1091 6050520
1092 88200
1093 63000
1094 115248
1095 806736
1096 1575000
1097 7875000
1098 49392
1099 345744
1100 52920
1101 37800
1102 148176
1103 189000
1104 65536
1105 9072
1106 120000
1107 600000
1108 27216
1109 113400
1110 567000
1111 421875
1112 571536
1113 2109375
1114 68040
1115 476280
1116 360000
1117 1701000
1118 8505000
1119 2204496
1120 15431472
1121 1428840
1122 7077888
1123 5103000
1124 216000
1125 612360
1126 3061800
1127 15552
1128 32928
1129 230496
1130 50625
1131 129600
1132 98784
1133 1265625
1134 16200000
1135 6328125
1136 296352
1137 2074464
1138 31640625
1139 18144
1140 576240
1141 58800
1142 54432
1143 294000
1144 210000
1145 163296
1146 1143072
1147 5832000
1148 489888
1149 151875
1150 1469664
1151 176400
1152 882000
1153 6174000
1154 3796875
1155 3150000
1156 15750000
1157 10497600
1158 740880
1159 75600
1160 131072
1161 460992
1162 1890000
1163 9450000
1164 28224
1165 91125
1166 2222640
1167 226800
1168 592704
1169 5670000
1170 3779136
1171 254016
1172 952560
1173 3145728
1174 762048
1175 17010000
1176 9437184
1177 408240
1178 240000
1179 1200000
1180 6000000
1181 1224720
1182 6123600
1183 8817984
1184 3674160
1185 1366875
1186 144000
1187 6834375
1188 3600000
1189 18000000
1190 921984
1191 6453888
1192 23520
1193 56448
1194 117600
1195 2160000
1196 84000
1197 420000
1198 2100000
1199 508032
1200 820125
1201 259200
1202 217728
1203 6480000
1204 653184
1205 1764000
1206 1260000
1207 1959552
1208 777600
1209 3888000
1210 1481760
1211 1058400
1212 756000
1213 2460375
1214 2332800
1215 11664000
1216 90720
1217 1843968
1218 2268000
1219 1399680
1220 790272
1221 272160
1222 1905120
1223 338688
1224 4199040
1225 1476225
1226 1016064
1227 4082400
1228 7381125
1229 21337344
1230 2449440
1231 12247200
1232 37791360
1233 27433728
1234 11757312
1235 82301184
1236 35271936
1237 105815808
1238 317447424
1239 10752
1240 33600
1241 235200
1242 96000
1243 480000
1244 1580544
1245 12000000
1246 677376
1247 141120
1248 236196
1249 290304
1250 504000
1251 870912
1252 1440000
1253 7200000
1254 2612736
1255 7971615
1256 2116800
1257 1512000
1258 7560000
1259 864000
1260 1270080
1261 907200
1262 4536000
1263 1053696
1264 23914845
1265 518400
1266 2592000
1267 12960000
1268 64800000
1269 1632960
1270 8164800
1271 4064256
1272 4898880
1273 7776000
1274 14696640
1275 36578304
1276 44089920
1277 15676416
1278 47029248
1279 658560
1280 4609920
1281 67200
1282 301056
1283 2125764
1284 8400000
1285 2519424
1286 44255232
1287 282240
1288 201600
1289 1161216
1290 5040000
1291 25194240
1292 24385536
1293 120960
1294 604800
1295 4233600
1296 3024000
1297 15120000
1298 378000000
1299 602112
1300 1814400
1301 9072000
1302 1806336
1303 1088640
1304 960000
1305 4800000
1306 22861440
1307 16257024
1308 81648000
1309 6967296
1310 6377292
1311 29393280
1312 2880000
1313 14400000
1314 188160
1315 172032
1316 940800
1317 281250
1318 345600
1319 1728000
1320 1548288
1321 564480
1322 4644864
1323 2822400
1324 2016000
1325 10080000
1326 5184000
1327 1693440
1328 8467200
1329 2408448
1330 622080
1331 725760
1332 5080320
1333 3096576
1334 18144000
1335 2177280
1336 1866240
1337 9331200
1338 6531840
1339 32659200
1340 19595520
1341 4218750
1342 27993600
1343 2064384
1344 14450688
1345 376320
1346 1881600
1347 9408000
1348 6720000
1349 33600000
1350 167215104
1351 1128960
1352 1376256
1353 4032000
1354 4128768
1355 483840
1356 3386880
1357 506250
1358 384000
1359 111476736
1360 2531250
1361 7257600
1362 134873088
1363 8257536
1364 21772800
1365 13063680
1366 1152000
1367 39191040
1368 28800000
1369 5505024
1370 177147
1371 5268480
1372 537600
1373 2688000
1374 13440000
1375 11010048
1376 322560
1377 1518750
1378 2073600
1379 10368000
1380 7593750
1381 22020096
1382 24192000
1383 120960000
1384 2903040
1385 14515200
1386 132120576
1387 43545600
1388 3732480
1389 18662400
1390 78382080
1391 176160768
1392 215040
1393 1505280
1394 1075200
1395 4556250
1396 781250
1397 84035
1398 588245
1399 16128000
1400 80640000
1401 1935360
1402 60025
1403 2941225
1404 30720
1405 109350
1406 42875
1407 2100875
1408 19200000
1409 2733750
1410 1500625
1411 430080
1412 460800
1413 1071875
1414 7503125
1415 1290240
1416 5359375
1417 32256000
1418 546875
1419 1594323
1420 6912000
1421 2734375
1422 133984375
1423 13671875
1424 1640250
1425 4147200
1426 6021120
1427 2097152
1428 24010
1429 2488320
1430 12441600
1431 62208000
1432 17150
1433 840350
1434 7464960
1435 984150
1436 62500
1437 4201750
1438 1720320
1439 8601600
1440 428750
1441 5160960
1442 25804800
1443 1562500
1444 2143750
1445 77414400
1446 590490
1447 10718750
1448 2952450
1449 7656250
1450 1536000
1451 38281250
1452 27343750
1453 191406250
1454 92897280
1455 184320
1456 6860
1457 336140
1458 2352980
1459 103219200
1460 8857350
1461 240100
1462 1680700
1463 13824000
1464 24500
1465 1200500
1466 8403500
1467 1658880
1468 122500
1469 26572050
1470 55050240
1471 612500
1472 4287500
1473 24883200
1474 3062500
1475 21437500
1476 14929920
1477 15312500
1478 79716150
1479 76562500
1480 54687500
1481 223948800
1482 1119744000
1483 125000
1484 96040
1485 32941720
1486 230592040
1487 625000
1488 122880
1489 3361400
1490 3072000
1491 3125000
1492 343000
1493 16807000
1494 430467210
1495 368640
1496 1843200
1497 9216000
1498 1225000
1499 60025000
1500 6125000
1501 14348907
1502 4375000
1503 27648000
1504 138240000
1505 153125000
1506 3317760
1507 187500
1508 3359232
1509 937500
1510 9411920
1511 4687500
1512 10077696
1513 6722800
1514 47059600
1515 98000
1516 686000
1517 33614000
1518 89579520
1519 490000
1520 24010000
1521 30233088
1522 2450000
1523 245760
1524 1228800
1525 6144000
1526 8750000
1527 43750000
1528 306250000
1529 737280
1530 3686400
1531 54880
1532 384160
1533 18823840
1534 2211840
1535 472392
1536 1920800
1537 94119200
1538 1250000
1539 6635520
1540 33177600
1541 6250000
1542 6860000
1543 19906560
1544 8388608
1545 240100000
1546 24500000
1547 171500000
1548 122500000
1549 87500000
1550 437500000
1551 1687500
1552 768320
1553 5378240
1554 2457600
1555 78400
1556 548800
1557 26891200
1558 210937500
1559 1474560
1560 7372800
1561 36864000
1562 1960000
1563 96040000
1564 1400000
1565 22118400
1566 7000000
1567 35000000
1568 13271040
1569 66355200
1570 4251528
1571 219520
1572 1536640
1573 75295360
1574 156800
1575 7683200
1576 53782400
1577 784000
1578 5488000
1579 268912000
1580 983040
1581 4915200
1582 24576000
1583 19600000
1584 14000000
1585 2949120
1586 14745600
1587 73728000
1588 12754584
1589 3073280
1590 8847360
1591 44236800
1592 2195200
1593 15366400
1594 26542080
1595 10976000
1596 76832000
1597 7840000
1598 54880000
1599 5600000
1600 238878720
1601 28000000
1602 140000000
1603 1966080
1604 9830400
1605 6146560
1606 43025920
1607 45562500
1608 4390400
1609 29491200
1610 147456000
1611 21952000
1612 17694720
1613 2240000
1614 109760000
1615 11200000
1616 56000000
1617 280000000
1618 159252480
1619 5467500
1620 1756160
1621 86051840
1622 3932160
1623 8780800
1624 98304000
1625 6272000
1626 11796480
1627 31360000
1628 25000000
1629 156800000
1630 60466176
1631 3280500
1632 3512320
1633 24586240
1634 181398528
1635 17561600
1636 122931200
1637 12544000
1638 87808000
1639 39321600
1640 44800000
1641 224000000
1642 544195584
1643 1968300
1644 7024640
1645 9841500
1646 16777216
1647 245862400
1648 49207500
1649 175616000
1650 125440000
1651 89600000
1652 448000000
1653 1180980
1654 14049280
1655 688414720
1656 10035200
1657 29524500
1658 50176000
1659 141557760
1660 179200000
1661 424673280
1662 4014080
1663 28098560
1664 10000000
1665 20070400
1666 17714700
1667 94371840
1668 88573500
1669 283115520
1670 50000000
1671 56197120
1672 40140800
1673 280985600
1674 53144100
1675 188743680
1676 716800000
1677 566231040
1678 112394240
1679 31886460
1680 57344000
1681 286720000
1682 1433600000
1683 32112640
1684 224788480
1685 95659380
1686 114688000
1687 503316480
1688 64225280
1689 286978140
1690 229376000
1691 1146880000
1692 497664
1693 91750400
1694 33554432
1695 800000
1696 117649
1697 823543
1698 5764801
1699 40353607
1700 146800640
1701 293601280
1702 4000000
1703 75000
1704 735
1705 5145
1706 33614
1707 12353145
1708 1647086
1709 25725
1710 180075
1711 8823675
1712 46875000
1713 18375
1714 900375
1715 44118375
1716 13125
1717 470596
1718 3294172
1719 23059204
1720 459375
1721 22509375
1722 12800
1723 45000
1724 64000
1725 225000
1726 134456
1727 1125000
1728 6588344
1729 46118408
1730 205078125
1731 1600000
1732 3888
1733 108045
1734 38416
1735 268912
1736 1882384
1737 540225
1738 3781575
1739 185297175
1740 7875
1741 27000
1742 18907875
1743 135000
1744 275625
1745 3764768
1746 675000
1747 3375000
1748 67528125
1749 6890625
1750 48234375
1751 4921875
1752 153664
1753 24609375
1754 7529536
1755 52706752
1756 12288
1757 25600
1758 6272
1759 43904
1760 34992
1761 231525
1762 11344725
1763 405000
1764 165375
1765 2025000
1766 118125
1767 826875
1768 3200000
1769 4302592
1770 4134375
1771 202584375
1772 20671875
1773 144703125
1774 14765625
1775 331776
1776 1229312
1777 48600
1778 138915
1779 972405
1780 47647845
1781 99225
1782 351232
1783 34034175
1784 6075000
1785 3472875
1786 24310125
1787 354375
1788 995328
1789 121550625
1790 1771875
1791 34420736
1792 8859375
1793 44296875
1794 145800
1795 2985984
1796 256000
1797 2917215
1798 20420505
1799 18225000
1800 1280000
1801 401408
1802 2809856
1803 10418625
1804 72930375
1805 1063125
1806 6400000
1807 5315625
1808 5619712
1809 26578125
1810 132890625
1811 664453125
1812 10935000
1813 1605632
1814 11239424
1815 78675968
1816 6251175
1817 306307575
1818 944784
1819 22478848
1820 80621568
1821 22325625
1822 1312200
1823 6561000
1824 44957696
1825 314703872
1826 2834352
1827 12845056
1828 89915392
1829 2679075
1830 3670016
1831 2560000
1832 13395375
1833 9568125
1834 7340032
1835 47840625
1836 239203125
1837 14680064
1838 12800000
1839 78764805
1840 29360128
1841 56260575
1842 5740875
1843 58720256
1844 200930625
1845 117440512
1846 717609375
1847 234881024
1848 33756345
1849 469762048
1850 24111675
1851 17222625
1852 120558375
1853 35429400
1854 2066715
1855 14467005
1856 10333575
1857 72335025
1858 2470629
1859 17294403
1860 21257640
1861 43401015
1862 31000725
1863 217005075
1864 5120000
1865 18600435
1866 151263
1867 93002175
1868 25600000
1869 279006525
1870 363182463
1871 167403915
1872 128000000
1873 9261
1874 10290
1875 453789
1876 3176523
1877 172944030
1878 155649627
1879 360150
1880 81920
1881 3969
1882 5250
1883 257250
1884 1361367
1885 30000
1886 183750
1887 9003750
1888 150000
1889 750000
1890 17915904
1891 3750000
1892 4084101
1893 18750000
1894 22968750
1895 51200000
1896 93750000
1897 82031250
1898 250047
1899 1750329
1900 39366
1901 10588410
1902 74118870
1903 22050
1904 107163
1905 750141
1906 5250987
1907 450000
1908 5402250
1909 264710250
1910 163840
1911 3858750
1912 2250423
1913 2756250
1914 19293750
1915 4096000
1916 13781250
1917 9843750
1918 68906250
1919 49218750
1920 246093750
1921 413343
1922 92610
1923 648270
1924 31765230
1925 270000
1926 463050
1927 3241350
1928 60761421
1929 6750000
1930 2315250
1931 26040609
1932 1653750
1933 11576250
1934 11160261
1935 8268750
1936 405168750
1937 33480783
1938 29531250
1939 206718750
1940 100442349
1941 162000
1942 277830
1943 1944810
1944 95295690
1945 198450
1946 1389150
1947 20250000
1948 992250
1949 6945750
1950 705894
1951 4961250
1952 34588806
1953 24806250
1954 173643750
1955 1327104
1956 655360
1957 486000
1958 43218
1959 833490
1960 2117682
1961 12150000
1962 3276800
1963 29172150
1964 16384000
1965 2976750
1966 3981312
1967 2126250
1968 907578
1969 10631250
1970 44471322
1971 265781250
1972 409600000
1973 357210
1974 55566
1975 122523030
1976 1786050
1977 12502350
1978 36450000
1979 8930250
1980 6378750
1981 44651250
1982 31893750
1983 1166886
1984 8168202
1985 1071630
1986 7501410
1987 4374000
1988 5358150
1989 21870000
1990 3500658
1991 187535250
1992 109350000
1993 163840000
1994 478406250
1995 524880
1996 1500282
1997 2624400
1998 16074450
1999 11481750
2000 13122000
2001 57408750
2002 287043750
2003 31505922
2004 9644670
2005 13107200
2006 48223350
2007 34445250
2008 13502538
2009 94517766
2010 7873200
2011 39366000
2012 20667150
2013 103335750
2014 283553298
2015 86802030
2016 62001450
2017 17360406
2018 37200870
2019 260406090
2020 23619600
2021 111602610
2022 364568526
2023 26214400
2024 156243654
2025 884736
2026 144060
2027 49412580
2028 70858800
2029 102900
2030 720300
2031 247062900
2032 655360000
2033 73500
2034 2654208
2035 176473500
2036 201684
2037 2572500
2038 9882516
2039 3188646
2040 12862500
2041 7962624
2042 9187500
2043 6562500
2044 45937500
2045 32812500
2046 4235364
2047 29647548
2048 9565938
2049 432180
2050 3025260
2051 20971520
2052 32768
2053 259308
2054 1815156
2055 12706092
2056 220500
2057 10804500
2058 300000
2059 1102500
2060 54022500
2061 787500
2062 5445468
2063 37500000
2064 27562500
2065 41943040
2066 137812500
2067 98437500
2068 333396
2069 629856
2070 1296540
2071 63530460
2072 644972544
2073 36000
2074 142884
2075 661500
2076 4630500
2077 49009212
2078 900000
2079 4500000
2080 28697814
2081 16537500
2082 11812500
2083 82687500
2084 112500000
2085 295312500
2086 562500000
2087 555660
2088 3889620
2089 190591380
2090 396900
2091 3857868
2092 27005076
2093 540000
2094 13891500
2095 2700000
2096 9922500
2097 13500000
2098 49612500
2099 35437500
2100 34720812
2101 243045684
2102 337500000
2103 11668860
2104 81682020
2105 1769472
2106 8334900
2107 312487308
2108 5953500
2109 291721500
2110 5668704
2111 208372500
2112 5308416
2113 8100000
2114 86093442
2115 714420
2116 403368
2117 2823576
2118 3572100
2119 25004700
2120 968486568
2121 38880
2122 12757500
2123 194400
2124 172872
2125 1210104
2126 972000
2127 15002820
2128 4860000
2129 10716300
2130 47775744
2131 53581500
2132 518616
2133 191362500
2134 25412184
2135 918540
2136 45008460
2137 583200
2138 143327232
2139 2916000
2140 1555848
2141 10890936
2142 14580000
2143 135025380
2144 13778100
2145 153055008
2146 344452500
2147 8266860
2148 32672808
2149 41334300
2150 206671500
2151 1033357500
2152 24800580
2153 8748000
2154 14002632
2155 74401740
2156 372008700
2157 218700000
2158 669615660
2159 6001128
2160 393216
2161 1049760
2162 14117880
2163 367416
2164 205800
2165 10084200
2166 70589400
2167 1179648
2168 1029000
2169 7715736
2170 735000
2171 5145000
2172 3306744
2173 3675000
2174 25725000
2175 78732000
2176 9920232
2177 69441624
2178 91875000
2179 65625000
2180 208324872
2181 140625
2182 864360
2183 42353640
2184 267846264
2185 703125
2186 617400
2187 30252600
2188 3515625
2189 441000
2190 21609000
2191 17578125
2192 2205000
2193 39530064
2194 11025000
2195 77175000
2196 55125000
2197 39375000
2198 31850496
2199 196875000
2200 2420208
2201 370440
2202 2593080
2203 127060920
2204 264600
2205 1852200
2206 90757800
2207 1037232
2208 7260624
2209 945000
2210 6615000
2211 24000
2212 63504
2213 444528
2214 3111696
2215 21781872
2216 152473104
2217 158760
2218 3000000
2219 190512
2220 793800
2221 9335088
2222 65345616
2223 3969000
2224 194481000
2225 2835000
2226 4000752
2227 14175000
2228 70875000
2229 354375000
2230 244944
2231 1714608
2232 12002256
2233 2359296
2234 2381400
2235 1800000
2236 5143824
2237 36006768
2238 9000000
2239 42525000
2240 45000000
2241 212625000
2242 108020304
2243 10001880
2244 6613488
2245 7144200
2246 50009400
2247 19840464
2248 138883248
2249 25515000
2250 59521392
2251 416649744
2252 1080000
2253 30005640
2254 5400000
2255 21432600
2256 15309000
2257 107163000
2258 63700992
2259 382725000
2260 1613472
2261 11294304
2262 9185400
2263 45927000
2264 253125
2265 648000
2266 5511240
2267 3240000
2268 4840416
2269 33882912
2270 237180384
2271 16533720
2272 81000000
2273 405000000
2274 49601160
2275 248005800
2276 14521248
2277 101648736
2278 446410440
2279 388800
2280 82320
2281 889056
2282 6223392
2283 9720000
2284 411600
2285 2881200
2286 48600000
2287 381024
2288 2058000
2289 18670176
2290 1470000
2291 10290000
2292 233280
2293 1166400
2294 5250000
2295 36750000
2296 26250000
2297 29160000
2298 3429216
2299 24004512
2300 246960
2301 1728720
2302 84707280
2303 699840
2304 1234800
2305 60505200
2306 3499200
2307 17496000
2308 216040608
2309 4410000
2310 13226976
2311 92588832
2312 22050000
2313 18984375
2314 110250000
2315 78750000
2316 119042784
2317 52488000
2318 5186160
2319 36303120
2320 262440000
2321 529200
2322 25930800
2323 1259712
2324 2646000
2325 22588608
2326 13230000
2327 92610000
2328 66150000
2329 47250000
2330 197568
2331 1382976
2332 317520
2333 15558480
2334 108909360
2335 1587600
2336 455625
2337 1134000
2338 4148928
2339 29042496
2340 39690000
2341 28350000
2342 198450000
2343 11390625
2344 1778112
2345 6667920
2346 46675440
2347 4762800
2348 33339600
2349 3402000
2350 5334336
2351 37340352
2352 119070000
2353 85050000
2354 11337408
2355 2286144
2356 16003008
2357 2041200
2358 14288400
2359 10206000
2360 6858432
2361 48009024
2362 255150000
2363 2939328
2364 8573040
2365 144027072
2366 42865200
2367 30618000
2368 61725888
2369 153090000
2370 26453952
2371 25719120
2372 18370800
2373 79361856
2374 91854000
2375 11022480
2376 77157360
2377 55112400
2378 275562000
2379 33067440
2380 34171875
2381 90000000
2382 34012224
2383 450000000
2384 45177216
2385 316240512
2386 102036672
2387 86400
2388 395136
2389 432000
2390 823200
2391 5762400
2392 282357600
2393 588000
2394 169344
2395 1185408
2396 2940000
2397 20580000
2398 270000000
2399 14700000
2400 10500000
2401 3556224
2402 24893568
2403 174254976
2404 4100625
2405 493920
2406 1524096
2407 10668672
2408 20503125
2409 2469600
2410 32400000
2411 4572288
2412 12348000
2413 224042112
2414 8820000
2415 6300000
2416 13716864
2417 31500000
2418 157500000
2419 5878656
2420 41150592
2421 10372320
2422 72606240
2423 17635968
2424 7408800
2425 363031200
2426 5292000
2427 259308000
2428 3780000
2429 185220000
2430 18900000
2431 94500000
2432 12301875
2433 635040
2434 263424
2435 61509375
2436 3175200
2437 22226400
2438 632481024
2439 12582912
2440 11340000
2441 6998400
2442 5531904
2443 38723328
2444 34992000
2445 13335840
2446 93350880
2447 1360800
2448 2370816
2449 6804000
2450 34020000
2451 238140000
2452 20995200
2453 37748736
2454 5715360
2455 49787136
2456 28576800
2457 12597120
2458 20412000
2459 62985600
2460 149361408
2461 17146080
2462 120022560
2463 85730400
2464 61236000
2465 306180000
2466 184528125
2467 51438240
2468 36741600
2469 257191200
2470 183708000
2471 113374080
2472 154314720
2473 110224800
2474 66134880
2475 330674400
2476 198404640
2477 740710656
2478 595213920
2479 47040
2480 329280
2481 75264
2482 526848
2483 1646400
2484 11524800
2485 168000
2486 1176000
2487 57624000
2488 840000
2489 2400000
2490 4200000
2491 29400000
2492 21000000
2493 60000000
2494 2657205
2495 4741632
2496 987840
2497 6914880
2498 338829120
2499 705600
2500 2032128
2501 14224896
2502 3528000
2503 172872000
2504 2520000
2505 6096384
2506 12600000
2507 63000000
2508 315000000
2509 36000000
2510 2963520
2511 20744640
2512 180000000
2513 7838208
2514 54867456
2515 10584000
2516 23514624
2517 52920000
2518 37800000
2519 70543872
2520 189000000
2521 4320000
2522 8890560
2523 62233920
2524 6350400
2525 44452800
2526 31752000
2527 222264000
2528 7375872
2529 51631104
2530 361417728
2531 544320
2532 26671680
2533 2721600
2534 19051200
2535 13608000
2536 95256000
2537 68040000
2538 340200000
2539 9483264
2540 66382848
2541 57153600
2542 40824000
2543 285768000
2544 28449792
2545 199148544
2546 34292160
2547 24494400
2548 12192768
2549 85349376
2550 38880000
2551 102876480
2552 73483200
2553 256048128
2554 308629440
2555 220449600
2556 109734912
2557 661348800
2558 100663296
2559 23328000
2560 141087744
2561 32269440
2562 225886080
2563 470400
2564 3292800
2565 2799360
2566 336000
2567 14751744
2568 13996800
2569 11760000
2570 69984000
2571 58800000
2572 6322176
2573 210000000
2574 309786624
2575 387072
2576 1975680
2577 18966528
2578 1411200
2579 9878400
2580 7558272
2581 7056000
2582 56899584
2583 35280000
2584 25200000
2585 125971200
2586 126000000
2587 629856000
2588 846720
2589 41489280
2590 75582720
2591 29635200
2592 207446400
2593 21168000
2594 94058496
2595 105840000
2596 75600000
2597 529200000
2598 846526464
2599 2540160
2600 11718750
2601 4214784
2602 29503488
2603 58593750
2604 45360000
2605 226800000
2606 22674816
2607 7620480
2608 53343360
2609 5443200
2610 266716800
2611 5419008
2612 37933056
2613 265531392
2614 24000000
2615 120000000
2616 16329600
2617 113799168
2618 408240000
2619 9797760
2620 48771072
2621 48988800
2622 20901888
2623 146313216
2624 205752960
2625 62705664
2626 88179840
2627 188116992
2628 264539520
2629 564350976
2630 19131876
2631 1317120
2632 1204224
2633 8429568
2634 6585600
2635 672000
2636 516096
2637 3612672
2638 3360000
2639 164640000
2640 16800000
2641 8640000
2642 10838016
2643 43200000
2644 3951360
2645 27659520
2646 32514048
2647 19756800
2648 138297600
2649 13934592
2650 97542144
2651 70560000
2652 41803776
2653 252000000
2654 1260000000
2655 25920000
2656 11854080
2657 129600000
2658 57395628
2659 6048000
2660 42336000
2661 16859136
2662 118013952
2663 151200000
2664 1032192
2665 7225344
2666 50577408
2667 3628800
2668 77760000
2669 21676032
2670 90720000
2671 453600000
2672 9289728
2673 65028096
2674 10886400
2675 27869184
2676 195084288
2677 1360800000
2678 45722880
2679 233280000
2680 228614400
2681 163296000
2682 752467968
2683 5598720
2684 4816896
2685 33718272
2686 236027904
2687 1469664000
2688 139968000
2689 21093750
2690 101154816
2691 2634240
2692 6193152
2693 43352064
2694 13171200
2695 92198400
2696 18579456
2697 65856000
2698 47040000
2699 50388480
2700 235200000
2701 168000000
2702 251942400
2703 7902720
2704 55319040
2705 5644800
2706 9633792
2707 67436544
2708 28224000
2709 20160000
2710 28901376
2711 100800000
2712 504000000
2713 12386304
2714 86704128
2715 2419200
2716 37158912
2717 12096000
2718 60480000
2719 244140625
2720 780337152
2721 9600000
2722 71124480
2723 12656250
2724 19267584
2725 240000000
2726 181440000
2727 907200000
2728 30481920
2729 63281250
2730 24772608
2731 108864000
2732 316406250
2733 74317824
2734 65318400
2735 222953472
2736 274337280
2737 195955200
2738 979776000
2739 117573120
2740 38535168
2741 269746176
2742 752640
2743 16515072
2744 115605504
2745 691200
2746 26342400
2747 3456000
2748 18816000
2749 17280000
2750 94080000
2751 67200000
2752 86400000
2753 2257920
2754 15805440
2755 1612800
2756 11289600
2757 8064000
2758 56448000
2759 40320000
2760 201600000
2761 1008000000
2762 51840000
2763 37968750
2764 33868800
2765 237081600
2766 66060288
2767 189843750
2768 198180864
2769 6220800
2770 142248960
2771 31104000
2772 44040192
2773 308281344
2774 155520000
2775 60963840
2776 304819200
2777 217728000
2778 88080384
2779 26127360
2780 130636800
2781 653184000
2782 93312000
2783 391910400
2784 235146240
2785 528482304
2786 11197440
2787 10536960
2788 73758720
2789 7526400
2790 52684800
2791 5376000
2792 263424000
2793 26880000
2794 1679616
2795 167961600
2796 645120
2797 31610880
2798 3225600
2799 22579200
2800 100776960
2801 112896000
2802 113906250
2803 302330880
2804 5038848
2805 94832640
2806 420175
2807 48384000
2808 20588575
2809 144120025
2810 5806080
2811 153600
2812 19531250
2813 768000
2814 300125
2815 3840000
2816 14706125
2817 102942875
2818 52254720
2819 96000000
2820 97656250
2821 480000000
2822 15116544
2823 3010560
2824 21073920
2825 2150400
2826 13668750
2827 2304000
2828 68343750
2829 11520000
2830 52521875
2831 341718750
2832 9031680
2833 6451200
2834 45158400
2835 37515625
2836 161280000
2837 806400000
2838 3870720
2839 3828125
2840 19353600
2841 96768000
2842 483840000
2843 11612160
2844 19140625
2845 172800000
2846 937890625
2847 34836480
2848 95703125
2849 669921875
2850 68359375
2851 313528320
2852 341796875
2853 8201250
2854 20736000
2855 4300800
2856 30105600
2857 21504000
2858 168070
2859 107520000
2860 2580480
2861 18063360
2862 12902400
2863 90316800
2864 64512000
2865 311040000
2866 120050
2867 38707200
2868 5882450
2869 41177150
2870 23224320
2871 162570240
2872 37324800
2873 69672960
2874 85750
2875 209018880
2876 4920750
2877 29412250
2878 12042240
2879 84295680
2880 24603750
2881 43008000
2882 301056000
2883 67184640
2884 21008750
2885 36126720
2886 335923200
2887 180633600
2888 129024000
2889 15482880
2890 15006250
2891 105043750
2892 387072000
2893 46448640
2894 1531250
2895 139345920
2896 75031250
2897 418037760
2898 3440640
2899 14762250
2900 17203200
2901 120422400
2902 5468750
2903 39062500
2904 72253440
2905 51609600
2906 38400000
2907 192000000
2908 216760320
2909 136718750
2910 774144000
2911 464486400
2912 278691840
2913 921600
2914 6881280
2915 4608000
2916 1771470
2917 23040000
2918 16470860
2919 115296020
2920 115200000
2921 61931520
2922 309657600
2923 552960
2924 44286750
2925 2764800
2926 11764900
2927 68812800
2928 344064000
2929 41287680
2930 221433750
2931 206438400
2932 123863040
2933 619315200
2934 58824500
2935 27525120
2936 5314410
2937 8294400
2938 857500
2939 41472000
2940 42017500
2941 294122500
2942 207360000
2943 275251200
2944 132860250
2945 4976640
2946 30012500
2947 110100480
2948 550502400
2949 124416000
2950 220200960
2951 622080000
2952 150062500
2953 440401920
2954 15943230
2955 74649600
2956 107187500
2957 750312500
2958 373248000
2959 1866240000
2960 535937500
2961 398580750
2962 382812500
2963 273437500
2964 1914062500
2965 1367187500
2966 1992903750
2967 134369280
2968 47829690
2969 671846400
2970 672280
2971 403107840
2972 239148450
2973 2015539200
2974 1614144280
2975 1209323520
2976 1195742250
2977 373248
2978 480200
2979 143489070
2980 23529800
2981 164708600
2982 1152960200
2983 15360000
2984 717445350
2985 76800000
2986 2401000
2987 384000000
2988 117649000
2989 823543000
2990 1920000000
2991 1291401630
2992 1715000
2993 12005000
2994 84035000
2995 588245000
2996 15625000
2997 46080000
2998 8575000
2999 230400000
3000 420175000
3001 1152000000
3002 78125000
3003 42875000
3004 300125000
3005 2100875000
3006 5529600
3007 30625000
3008 214375000
3009 1500625000
3010 390625000
3011 691200000
3012 1071875000
3013 109375000
3014 765625000
3015 546875000
3016 16588800
3017 82944000
3018 1953125000
3019 414720000
3020 1344560
3021 2073600000
3022 65883440
3023 461184080
3024 9953280
3025 49766400
3026 43046721
3027 248832000
3028 23437500
3029 1244160000
3030 329417200
3031 29859840
3032 117187500
3033 149299200
3034 4802000
3035 746496000
3036 235298000
3037 1647086000
3038 585937500
3039 447897600
3040 3430000
3041 268738560
3042 168070000
3043 1176490000
3044 1343692800
3045 806215680
3046 17150000
3047 120050000
3048 840350000
3049 1750000
3050 12250000
3051 85750000
3052 600250000
3053 30720000
3054 61250000
3055 428750000
3056 153600000
3057 768000000
3058 2143750000
3059 218750000
3060 1531250000
3061 1093750000
3062 90699264
3063 18432000
3064 2812500
3065 92160000
3066 2689120
3067 460800000
3068 131766880
3069 922368160
3070 14062500
3071 11059200
3072 70312500
3073 55296000
3074 13445600
3075 276480000
3076 658834400
3077 1382400000
3078 351562500
3079 1757812500
3080 9604000
3081 67228000
3082 470596000
3083 165888000
3084 272097792
3085 829440000
3086 48020000
3087 336140000
3088 31250000
3089 99532800
3090 34300000
3091 497664000
3092 1680700000
3093 59719680
3094 816293376
3095 298598400
3096 1200500000
3097 1492992000
3098 156250000
3099 857500000
3100 179159040
3101 612500000
3102 895795200
3103 537477120
3104 781250000
3105 1612431360
3106 1417176
3107 8437500
3108 37647680
3109 263533760
3110 1844736320
3111 12288000
3112 42187500
3113 61440000
3114 3841600
3115 307200000
3116 188238400
3117 1317668800
3118 1536000000
3119 1054687500
3120 2744000
3121 19208000
3122 134456000
3123 941192000
3124 129140163
3125 184320000
3126 13720000
3127 921600000
3128 672280000
3129 4423680
3130 9800000
3131 68600000
3132 480200000
3133 110592000
3134 49000000
3135 343000000
3136 552960000
3137 245000000
3138 1715000000
3139 175000000
3140 1225000000
3141 875000000
3142 331776000
3143 1658880000
3144 5062500
3145 39813120
3146 10756480
3147 199065600
3148 527067520
3149 995328000
3150 25312500
3151 119439360
3152 126562500
3153 597196800
3154 376476800
3155 358318080
3156 632812500
3157 1791590400
3158 38416000
3159 1074954240
3160 1882384000
3161 2500000
3162 3920000
3163 27440000
3164 192080000
3165 1344560000
3166 387420489
3167 122880000
3168 137200000
3169 960400000
3170 614400000
3171 98000000
3172 686000000
3173 70000000
3174 490000000
3175 350000000
3176 1750000000
3177 368640000
3178 62500000
3179 1843200000
3180 15187500
3181 21512960
3182 150590720
3183 1054135040
3184 75937500
3185 221184000
3186 312500000
3187 1105920000
3188 107564800
3189 752953600
3190 379687500
3191 132710400
3192 1898437500
3193 663552000
3194 537824000
3195 79626240
3196 1562500000
3197 398131200
3198 384160000
3199 1990656000
3200 39200000
3201 274400000
3202 1920800000
3203 1194393600
3204 196000000
3205 1372000000
3206 716636160
3207 980000000
3208 700000000
3209 1162261467
3210 38263752
3211 49152000
3212 9112500
3213 245760000
3214 301181440
3215 2108270080
3216 1228800000
3217 5898240
3218 6718464
3219 30732800
3220 215129600
3221 1505907200
3222 227812500
3223 737280000
3224 1139062500
3225 153664000
3226 1075648000
3227 88473600
3228 15680000
3229 442368000
3230 768320000
3231 53084160
3232 78400000
3233 548800000
3234 265420800
3235 392000000
3236 1327104000
3237 1960000000
3238 1400000000
3239 796262400
3240 114791256
3241 477757440
3242 12293120
3243 1433272320
3244 602362880
3245 20155392
3246 27337500
3247 19660800
3248 61465600
3249 430259200
3250 136687500
3251 491520000
3252 43904000
3253 307328000
3254 683437500
3255 58982400
3256 219520000
3257 1536640000
3258 294912000
3259 1474560000
3260 1097600000
3261 112000000
3262 784000000
3263 560000000
3264 176947200
3265 884736000
3266 125000000
3267 106168320
3268 172103680
3269 1204725760
3270 530841600
3271 318504960
3272 82012500
3273 1592524800
3274 860518400
3275 955514880
3276 410062500
3277 625000000
3278 614656000
3279 2050312500
3280 62720000
3281 439040000
3282 196608000
3283 313600000
3284 983040000
3285 1568000000
3286 1120000000
3287 117964800
3288 344373768
3289 589824000
3290 49172480
3291 344207360
3292 70778880
3293 353894400
3294 35123200
3295 1769472000
3296 1721036800
3297 212336640
3298 1632586752
3299 1061683200
3300 1229312000
3301 637009920
3302 246037500
3303 878080000
3304 1911029760
3305 627200000
3306 1230187500
3307 78643200
3308 2007040
3309 393216000
3310 98344960
3311 1033121304
3312 1966080000
3313 47185920
3314 70246400
3315 491724800
3316 235929600
3317 1179648000
3318 351232000
3319 147622500
3320 250880000
3321 1756160000
3322 707788800
3323 1254400000
3324 896000000
3325 2123366400
3326 738112500
3327 1274019840
3328 196689920
3329 1376829440
3330 31457280
3331 157286400
3332 140492800
3333 983449600
3334 786432000
3335 100352000
3336 702464000
3337 471859200
3338 501760000
3339 358400000
3340 1792000000
3341 1415577600
3342 442867500
3343 849346560
3344 393379840
3345 62914560
3346 250000000
3347 314572800
3348 1966899200
3349 1572864000
3350 200704000
3351 1404928000
3352 265720500
3353 1003520000
3354 943718400
3355 1250000000
3356 1328602500
3357 1698693120
3358 786759680
3359 125829120
3360 80281600
3361 561971200
3362 629145600
3363 401408000
3364 377487360
3365 2007040000
3366 1887436800
3367 1132462080
3368 797161500
3369 251658240
3370 1573519360
3371 1258291200
3372 160563200
3373 1123942400
3374 754974720
3375 802816000
3376 573440000
3377 1509949440
3378 478296900
3379 449576960
3380 1006632960
3381 321126400
3382 2013265920
3383 1605632000
3384 1434890700
3385 18350080
3386 128450560
3387 899153920
3388 860934420
3389 642252800
3390 458752000
3391 36700160
3392 256901120
3393 1798307840
3394 183500800
3395 1284505600
3396 917504000
3397 73400320
3398 513802240
3399 367001600
3400 1835008000
3401 282475249
3402 1027604480
3403 734003200
3404 1977326743
3405 2055208960
3406 1468006400
3407 587202560
3408 1174405120
3409 20000000
3410 4478976
3411 375000
3412 36015
3413 252105
3414 1764735
3415 100000000
3416 86472015
3417 605304105
3418 1875000
3419 11529602
3420 9375000
3421 80707214
3422 1260525
3423 564950498
3424 61765725
3425 432360075
3426 500000000
3427 234375000
3428 128625
3429 13436928
3430 6302625
3431 1171875000
3432 308828625
3433 67228
3434 91875
3435 643125
3436 4501875
3437 31513125
3438 220591875
3439 1544143125
3440 40310784
3441 161414428
3442 3215625
3443 1129900996
3444 157565625
3445 1102959375
3446 328125
3447 2296875
3448 16078125
3449 112546875
3450 787828125
3451 1640625
3452 11484375
3453 80390625
3454 562734375
3455 8203125
3456 57421875
3457 401953125
3458 41015625
3459 287109375
3460 2009765625
3461 322828856
3462 1435546875
3463 1025390625
3464 28125000
3465 120932352
3466 15435
3467 140625000
3468 756315
3469 5294205
3470 37059435
3471 259416045
3472 1815912315
3473 67108864
3474 703125000
3475 13176688
3476 8000000
3477 92236816
3478 26471025
3479 645657712
3480 1297080225
3481 40000000
3482 55125
3483 385875
3484 2701125
3485 362797056
3486 132355125
3487 926485875
3488 200000000
3489 537824
3490 1929375
3491 13505625
3492 94539375
3493 661775625
3494 26353376
3495 184473632
3496 9646875
3497 1291315424
3498 472696875
3499 16875000
3500 1088391168
3501 1000000000
3502 337640625
3503 84375000
3504 34453125
3505 241171875
3506 1688203125
3507 421875000
3508 172265625
3509 1205859375
3510 123046875
3511 861328125
3512 615234375
3513 368947264
3514 2109375000
3515 46305
3516 324135
3517 2268945
3518 15882615
3519 111178305
3520 778248135
3521 307328
3522 128000
3523 2151296
3524 1620675
3525 15059072
3526 79413075
3527 555891525
3528 105413504
3529 737894528
3530 1157625
3531 8103375
3532 56723625
3533 397065375
3534 640000
3535 10125000
3536 5788125
3537 40516875
3538 283618125
3539 1985326875
3540 50625000
3541 30118144
3542 28940625
3543 210827008
3544 1418090625
3545 1475789056
3546 253125000
3547 1265625000
3548 1012921875
3549 16000000
3550 103359375
3551 723515625
3552 73828125
3553 516796875
3554 369140625
3555 1845703125
3556 8605184
3557 60236288
3558 80000000
3559 421654016
3560 6806835
3561 400000000
3562 333534915
3563 1215000
3564 104976
3565 694575
3566 4862025
3567 2000000000
3568 238239225
3569 1667674575
3570 17210368
3571 120472576
3572 30375000
3573 843308032
3574 170170875
3575 1191196125
3576 151875000
3577 2480625
3578 17364375
3579 759375000
3580 850854375
3581 4917248
3582 12403125
3583 86821875
3584 607753125
3585 240945152
3586 62015625
3587 434109375
3588 1686616064
3589 310078125
3590 221484375
3591 1550390625
3592 1107421875
3593 1404928
3594 729000
3595 9834496
3596 3645000
3597 68841472
3598 142943535
3599 1000604745
3600 481890304
3601 8957952
3602 2083725
3603 14586075
3604 102102525
3605 714717675
3606 91125000
3607 19668992
3608 455625000
3609 137682944
3610 510512625
3611 963780608
3612 7441875
3613 52093125
3614 364651875
3615 32000000
3616 37209375
3617 260465625
3618 1823259375
3619 39337984
3620 186046875
3621 1302328125
3622 275365888
3623 930234375
3624 1927561216
3625 160000000
3626 26873856
3627 54675000
3628 8751645
3629 61261515
3630 428830605
3631 800000000
3632 273375000
3633 550731776
3634 43758225
3635 1366875000
3636 2144153025
3637 3211264
3638 4465125
3639 31255875
3640 218791125
3641 1531537875
3642 157351936
3643 1101463552
3644 156279375
3645 1093955625
3646 15946875
3647 111628125
3648 781396875
3649 79734375
3650 558140625
3651 398671875
3652 1993359375
3653 241864704
3654 32805000
3655 164025000
3656 26254935
3657 183784545
3658 1286491815
3659 629407744
3660 820125000
3661 18753525
3662 131274675
3663 918922725
3664 25690112
3665 179830784
3666 93767625
3667 656373375
3668 1258815488
3669 66976875
3670 468838125
3671 51380224
3672 334884375
3673 359661568
3674 1674421875
3675 1196015625
3676 98415000
3677 102760448
3678 725594112
3679 719323136
3680 551353635
3681 64000000
3682 492075000
3683 205520896
3684 393824025
3685 1438646272
3686 40186125
3687 281302875
3688 1969120125
3689 411041792
3690 320000000
3691 1406514375
3692 143521875
3693 1004653125
3694 822083584
3695 1600000000
3696 295245000
3697 1644167168
3698 236294415
3699 1654060905
3700 1476225000
3701 939524096
3702 168781725
3703 1181472075
3704 1879048192
3705 134217728
3706 843908625
3707 86113125
3708 602791875
3709 430565625
3710 8503056
3711 177147000
3712 101269035
3713 708883245
3714 25509168
3715 885735000
3716 506345175
3717 51667875
3718 361675125
3719 258339375
3720 1808375625
3721 1291696875
3722 121060821
3723 847425747
3724 303807105
3725 2126649735
3726 106288200
3727 531441000
3728 1519035525
3729 155003625
3730 1085025375
3731 775018125
3732 63772920
3733 130203045
3734 911421315
3735 318864600
3736 651015225
3737 465010875
3738 55801305
3739 390609135
3740 1594323000
3741 1953045675
3742 1395032625
3743 191318760
3744 1171827405
3745 837019575
3746 502211745
3747 1506635235
3748 956593800
3749 64827
3750 1990656
3751 573956280
3752 504210
3753 3529470
3754 24706290
3755 268435456
3756 1210608210
3757 640000000
3758 1721868840
3759 1089547389
3760 5971968
3761 2521050
3762 17647350
3763 123531450
3764 864720150
3765 27783
3766 36750
3767 409600
3768 1800750
3769 12605250
3770 88236750
3771 617657250
3772 9529569
3773 66706983
3774 1286250
3775 466948881
3776 63026250
3777 441183750
3778 2048000
3779 918750
3780 6431250
3781 45018750
3782 315131250
3783 10240000
3784 4593750
3785 32156250
3786 225093750
3787 1575656250
3788 28588707
3789 200120949
3790 160781250
3791 1125468750
3792 1400846643
3793 114843750
3794 803906250
3795 468750000
3796 574218750
3797 410156250
3798 2050781250
3799 53747712
3800 256000000
3801 12252303
3802 216090
3803 85766121
3804 229582512
3805 600362847
3806 518832090
3807 1280000000
3808 161243136
3809 154350
3810 1080450
3811 7563150
3812 52942050
3813 370594350
3814 688747536
3815 36756909
3816 771750
3817 257298363
3818 37815750
3819 1801088541
3820 1852971750
3821 2250000
3822 551250
3823 11250000
3824 27011250
3825 189078750
3826 1323551250
3827 15752961
3828 56250000
3829 110270727
3830 135056250
3831 945393750
3832 771895089
3833 281250000
3834 96468750
3835 675281250
3836 1406250000
3837 483729408
3838 482343750
3839 1451188224
3840 344531250
3841 330812181
3842 1722656250
3843 1230468750
3844 20480000
3845 2893401
3846 2066242608
3847 20253807
3848 4537890
3849 141776649
3850 222356610
3851 1556496270
3852 992436543
3853 1240029
3854 102400000
3855 8680203
3856 22689450
3857 158826150
3858 1111783050
3859 425329947
3860 512000000
3861 3720087
3862 16206750
3863 113447250
3864 794130750
3865 182284263
3866 33750000
3867 1275989841
3868 81033750
3869 567236250
3870 168750000
3871 78121827
3872 57881250
3873 843750000
3874 546852789
3875 41343750
3876 289406250
3877 2025843750
3878 234365481
3879 1640558367
3880 1447031250
3881 147656250
3882 1033593750
3883 738281250
3884 703096443
3885 301327047
3886 8192000
3887 2109289329
3888 13613670
3889 903981141
3890 667069830
3891 4050000
3892 442368
3893 40960000
3894 9724050
3895 68068350
3896 476478450
3897 204800000
3898 536870912
3899 101250000
3900 48620250
3901 340341750
3902 708750
3903 506250000
3904 34728750
3905 243101250
3906 1701708750
3907 242121642
3908 1024000000
3909 1694851494
3910 1215506250
3911 17718750
3912 124031250
3913 868218750
3914 88593750
3915 620156250
3916 442968750
3917 354294
3918 119070
3919 2430000
3920 5834430
3921 40841010
3922 285887070
3923 2001209490
3924 14823774
3925 103766418
3926 4167450
3927 726364926
3928 204205050
3929 1429435350
3930 60750000
3931 303750000
3932 20837250
3933 145860750
3934 1021025250
3935 1518750000
3936 14883750
3937 104186250
3938 729303750
3939 81920000
3940 74418750
3941 520931250
3942 53156250
3943 372093750
3944 311299254
3945 1860468750
3946 1328906250
3947 1458000
3948 11943936
3949 2500470
3950 17503290
3951 2048000000
3952 857661210
3953 2722734
3954 7290000
3955 19059138
3956 87516450
3957 612615150
3958 133413966
3959 933897762
3960 62511750
3961 437582250
3962 182250000
3963 911250000
3964 312558750
3965 35831808
3966 223256250
3967 1562793750
3968 159468750
3969 1116281250
3970 797343750
3971 57177414
3972 6553600
3973 400241898
3974 52509870
3975 367569090
3976 107495424
3977 32768000
3978 37507050
3979 262549350
3980 1837845450
3981 3827250
3982 26790750
3983 322486272
3984 1312746750
3985 171532242
3986 133953750
3987 937676250
3988 1200725694
3989 669768750
3990 546750000
3991 819200000
3992 3214890
3993 22504230
3994 157529610
3995 1102707270
3996 10501974
3997 73513818
3998 112521150
3999 787648050
4000 514596726
4001 80372250
4002 562605750
4003 65610000
4004 401861250
4005 967458816
4006 2009306250
4007 1435218750
4008 328050000
4009 220541454
4010 67512690
4011 472588830
4012 1543790178
4013 1640250000
4014 337563450
4015 65536000
4016 241116750
4017 1687817250
4018 172226250
4019 1205583750
4020 861131250
4021 661624362
4022 28934010
4023 202538070
4024 1417766490
4025 327680000
4026 144670050
4027 1012690350
4028 196830000
4029 723350250
4030 516678750
4031 1984873086
4032 1638400000
4033 607614210
4034 984150000
4035 434010150
4036 310007250
4037 1550036250
4038 121522842
4039 850659894
4040 1822842630
4041 186004350
4042 1302030450
4043 930021750
4044 118098000
4045 781218270
4046 558013050
4047 334807830
4048 1674039150
4049 1004423490
4050 590490000
4051 1093705578
4052 14171760
4053 66961566
4054 1008420
4055 468730962
4056 131072000
4057 345888060
4058 200884698
4059 1406192886
4060 354294000
4061 602654094
4062 5042100
4063 1807962282
4064 1073741824
4065 1729440300
4066 1771470000
4067 42515280
4068 514500
4069 3601500
4070 25210500
4071 212576400
4072 1235314500
4073 10485760
4074 367500
4075 1062882000
4076 18007500
4077 126052500
4078 882367500
4079 69177612
4080 127545840
4081 484243284
4082 90037500
4083 630262500
4084 637729200
4085 52428800
4086 64312500
4087 450187500
4088 382637520
4089 262144000
4090 321562500
4091 1913187600
4092 229687500
4093 1607812500
4094 164062500
4095 1148437500
4096 820312500
4097 207532836
4098 1147912560
4099 1452729852
4100 23887872
4101 1310720000
4102 21176820
4103 148237740
4104 1037664180
4105 37044
4106 44100
4107 308700
4108 2160900
4109 15126300
4110 105884100
4111 741188700
4112 71663616
4113 88942644
4114 1543500
4115 622598508
4116 75631500
4117 529420500
4118 104857600
4119 1500000
4120 7717500
4121 524288000
4122 378157500
4123 7500000
4124 5512500
4125 38587500
4126 270112500
4127 1890787500
4128 38118276
4129 266827932
4130 192937500
4131 1350562500
4132 1867795524
4133 187500000
4134 964687500
4135 214990848
4136 689062500
4137 492187500
4138 937500000
4139 2333772
4140 209715200
4141 16336404
4142 9075780
4143 114354828
4144 444713220
4145 800483796
4146 1048576000
4147 926100
4148 6482700
4149 45378900
4150 317652300
4151 1000188
4152 83886080
4153 7001316
4154 32413500
4155 226894500
4156 1588261500
4157 343064484
4158 3307500
4159 23152500
4160 162067500
4161 1134472500
4162 419430400
4163 22500000
4164 115762500
4165 810337500
4166 21003948
4167 147027636
4168 578812500
4169 1029193452
4170 413437500
4171 2097152000
4172 2067187500
4173 1476562500
4174 1934917632
4175 9001692
4176 167772160
4177 63011844
4178 27227340
4179 441082908
4180 1334139660
4181 551124
4182 1889568
4183 838860800
4184 19448100
4185 136136700
4186 952956900
4187 189035532
4188 1984500
4189 1323248724
4190 97240500
4191 680683500
4192 335544320
4193 11573604
4194 69457500
4195 486202500
4196 81015228
4197 567106596
4198 347287500
4199 67500000
4200 248062500
4201 1736437500
4202 177187500
4203 1240312500
4204 885937500
4205 1701319788
4206 1677721600
4207 14880348
4208 1687500000
4209 104162436
4210 571774140
4211 729137052
4212 671088640
4213 44641044
4214 58344300
4215 408410100
4216 1342177280
4217 133923132
4218 41674500
4219 937461924
4220 2042050500
4221 401769396
4222 29767500
4223 1205308188
4224 1458607500
4225 21262500
4226 148837500
4227 1041862500
4228 106312500
4229 744187500
4230 531562500
4231 40500000
4232 17006112
4233 5000940
4234 35006580
4235 245046060
4236 1715322420
4237 19765032
4238 202500000
4239 138355224
4240 175032900
4241 1225230300
4242 1012500000
4243 17860500
4244 125023500
4245 875164500
4246 15925248
4247 89302500
4248 625117500
4249 63787500
4250 446512500
4251 318937500
4252 1594687500
4253 8470728
4254 2143260
4255 59295096
4256 105019740
4257 735138180
4258 415065672
4259 24300000
4260 75014100
4261 525098700
4262 51018336
4263 121500000
4264 375070500
4265 38272500
4266 267907500
4267 1875352500
4268 607500000
4269 1339537500
4270 956812500
4271 177885288
4272 6429780
4273 1245197016
4274 315059220
4275 4592700
4276 32148900
4277 225042300
4278 1575296100
4279 22963500
4280 160744500
4281 1125211500
4282 114817500
4283 803722500
4284 574087500
4285 76236552
4286 19289340
4287 533655864
4288 945177660
4289 72900000
4290 96446700
4291 675126900
4292 364500000
4293 482233500
4294 429981696
4295 1722262500
4296 1822500000
4297 57868020
4298 405076140
4299 228709656
4300 289340100
4301 2025380700
4302 1600967592
4303 1446700500
4304 1289945088
4305 146484375
4306 173604060
4307 1215228420
4308 124002900
4309 868020300
4310 620014500
4311 98018424
4312 520812180
4313 686128968
4314 1860043500
4315 223205220
4316 1562436540
4317 1116026100
4318 732421875
4319 2008846980
4320 1093500000
4321 42007896
4322 258280326
4323 294055272
4324 2016840
4325 2058386904
4326 98825160
4327 691776120
4328 5248800
4329 2571912
4330 459165024
4331 18003384
4332 26244000
4333 126023688
4334 494125800
4335 882165816
4336 131220000
4337 1102248
4338 7203000
4339 50421000
4340 352947000
4341 54010152
4342 656100000
4343 378071064
4344 36015000
4345 252105000
4346 1764735000
4347 23147208
4348 15746400
4349 162030456
4350 180075000
4351 1260525000
4352 1134213192
4353 18375000
4354 128625000
4355 900375000
4356 393660000
4357 486091368
4358 643125000
4359 1968300000
4360 459375000
4361 328125000
4362 1640625000
4363 1458274104
4364 9447840
4365 89282088
4366 3538944
4367 624974616
4368 47239200
4369 296475480
4370 2075328360
4371 1874923848
4372 236196000
4373 803538792
4374 4321800
4375 1180980000
4376 211768200
4377 1482377400
4378 10616832
4379 28343520
4380 3087000
4381 1377495072
4382 151263000
4383 1058841000
4384 141717600
4385 5647152
4386 15435000
4387 108045000
4388 756315000
4389 276710448
4390 708588000
4391 1936973136
4392 540225000
4393 85030560
4394 87890625
4395 385875000
4396 425152800
4397 275625000
4398 1929375000
4399 439453125
4400 1378125000
4401 984375000
4402 2125764000
4403 16941456
4404 255091680
4405 118590192
4406 18151560
4407 830131344
4408 889426440
4409 1275458400
4410 95551488
4411 765275040
4412 12965400
4413 774840978
4414 635304600
4415 286654464
4416 1323000
4417 9261000
4418 64827000
4419 453789000
4420 50824368
4421 355770576
4422 46305000
4423 324135000
4424 4725000
4425 33075000
4426 231525000
4427 1620675000
4428 23625000
4429 165375000
4430 1157625000
4431 118125000
4432 826875000
4433 590625000
4434 859963392
4435 1067311728
4436 1111320
4437 7779240
4438 54454680
4439 381182760
4440 15000000
4441 1333584
4442 5556600
4443 38896200
4444 272273400
4445 1905913800
4446 75000000
4447 457419312
4448 27783000
4449 375000000
4450 1361367000
4451 1875000000
4452 19845000
4453 138915000
4454 972405000
4455 28005264
4456 99225000
4457 694575000
4458 196036848
4459 496125000
4460 1372257936
4461 1771875000
4462 786432
4463 10546875
4464 3333960
4465 23337720
4466 163364040
4467 1143548280
4468 84015792
4469 588110544
4470 16669800
4471 116688600
4472 816820200
4473 52734375
4474 11907000
4475 83349000
4476 583443000
4477 252047376
4478 59535000
4479 416745000
4480 1764331632
4481 297675000
4482 2083725000
4483 263671875
4484 1488375000
4485 1063125000
4486 225000000
4487 756142128
4488 1125000000
4489 70013160
4490 490092120
4491 46294416
4492 1318359375
4493 324060912
4494 350065800
4495 21233664
4496 35721000
4497 250047000
4498 1750329000
4499 972182736
4500 178605000
4501 1250235000
4502 127575000
4503 893025000
4504 637875000
4505 178564176
4506 4286520
4507 1249949232
4508 210039480
4509 1470276360
4510 535692528
4511 1607077584
4512 150028200
4513 1050197400
4514 27000000
4515 135000000
4516 750141000
4517 76545000
4518 535815000
4519 675000000
4520 1913625000
4521 1837080
4522 12859560
4523 90016920
4524 630118440
4525 79060128
4526 64297800
4527 450084600
4528 553420896
4529 321489000
4530 229635000
4531 1607445000
4532 1148175000
4533 191102976
4534 38578680
4535 270050760
4536 1890355320
4537 27556200
4538 192893400
4539 1350253800
4540 137781000
4541 964467000
4542 688905000
4543 1660262688
4544 115736040
4545 810152280
4546 82668600
4547 578680200
4548 413343000
4549 2066715000
4550 573308928
4551 347208120
4552 2025000000
4553 1736040600
4554 1240029000
4555 148803480
4556 1041624360
4557 744017400
4558 711541152
4559 1339231320
4560 1719926784
4561 127008
4562 158203125
4563 1944000
4564 4033680
4565 28235760
4566 197650320
4567 1383552240
4568 43563744
4569 304946208
4570 791015625
4571 2134623456
4572 20168400
4573 141178800
4574 988251600
4575 1572864
4576 243000000
4577 2667168
4578 14406000
4579 100842000
4580 705894000
4581 130691232
4582 1215000000
4583 914838624
4584 72030000
4585 504210000
4586 1050000
4587 7350000
4588 51450000
4589 360150000
4590 8001504
4591 56010528
4592 257250000
4593 1800750000
4594 392073696
4595 183750000
4596 1286250000
4597 131250000
4598 918750000
4599 656250000
4600 145800000
4601 168031584
4602 4718592
4603 1176221088
4604 12101040
4605 729000000
4606 592950960
4607 10287648
4608 759375
4609 72013536
4610 8643600
4611 504094752
4612 423536400
4613 4408992
4614 14155776
4615 30862944
4616 43218000
4617 302526000
4618 2117682000
4619 1512284256
4620 87480000
4621 30870000
4622 216090000
4623 1512630000
4624 437400000
4625 648121824
4626 154350000
4627 1080450000
4628 39680928
4629 277766496
4630 771750000
4631 1944365472
4632 551250000
4633 393750000
4634 1968750000
4635 833299488
4636 94921875
4637 357128352
4638 42467328
4639 1071385056
4640 254121840
4641 1778852880
4642 474609375
4643 1312200000
4644 3704400
4645 127401984
4646 181515600
4647 1270609200
4648 6298560
4649 3226944
4650 18522000
4651 129654000
4652 907578000
4653 158120256
4654 31492800
4655 1106841792
4656 648270000
4657 157464000
4658 382205952
4659 463050000
4660 787320000
4661 330750000
4662 236250000
4663 1653750000
4664 1181250000
4665 9680832
4666 18895680
4667 67765824
4668 94478400
4669 474360768
4670 762365520
4671 472392000
4672 1146617856
4673 11113200
4674 77792400
4675 544546800
4676 56687040
4677 7938000
4678 55566000
4679 388962000
4680 283435200
4681 203297472
4682 277830000
4683 1944810000
4684 1423082304
4685 1417176000
4686 1389150000
4687 141750000
4688 992250000
4689 708750000
4690 170061120
4691 12446784
4692 850305600
4693 87127488
4694 326728080
4695 609892416
4696 56953125
4697 510183360
4698 233377200
4699 1633640400
4700 1530550080
4701 23814000
4702 166698000
4703 1166886000
4704 284765625
4705 261382464
4706 833490000
4707 1829677248
4708 595350000
4709 425250000
4710 2126250000
4711 1423828125
4712 2857680
4713 20003760
4714 140026320
4715 980184240
4716 112021056
4717 784147392
4718 100018800
4719 700131600
4720 28311552
4721 71442000
4722 500094000
4723 51030000
4724 357210000
4725 336063168
4726 1786050000
4727 1275750000
4728 30000000
4729 20575296
4730 60011280
4731 420078960
4732 150000000
4733 1008189504
4734 300056400
4735 2100394800
4736 750000000
4737 214326000
4738 1500282000
4739 432081216
4740 1071630000
4741 765450000
4742 84934656
4743 185177664
4744 180033840
4745 1260236880
4746 1296243648
4747 128595600
4748 900169200
4749 555532992
4750 642978000
4751 459270000
4752 238085568
4753 1666598976
4754 540101520
4755 714256704
4756 385786800
4757 2142770112
4758 1928934000
4759 1377810000
4760 254803968
4761 231472080
4762 1620304560
4763 165337200
4764 1157360400
4765 826686000
4766 99202320
4767 694416240
4768 496011600
4769 297606960
4770 2083248720
4771 1488034800
4772 892820880
4773 170859375
4774 764411904
4775 164640
4776 1152480
4777 8067360
4778 56471520
4779 395300640
4780 2765952
4781 19361664
4782 854296875
4783 135531648
4784 40336800
4785 948721536
4786 1976503200
4787 10800000
4788 6291456
4789 4116000
4790 28812000
4791 201684000
4792 1411788000
4793 8297856
4794 54000000
4795 58084992
4796 144060000
4797 1008420000
4798 406594944
4799 1350000000
4800 102900000
4801 720300000
4802 306110016
4803 73500000
4804 514500000
4805 52500000
4806 367500000
4807 262500000
4808 1837500000
4809 1312500000
4810 1219784832
4811 1296000
4812 18874368
4813 3457440
4814 24202080
4815 169414560
4816 1185901920
4817 74680704
4818 56623104
4819 522764928
4820 17287200
4821 121010400
4822 847072800
4823 102515625
4824 162000000
4825 32006016
4826 86436000
4827 605052000
4828 810000000
4829 1568294784
4830 61740000
4831 432180000
4832 512578125
4833 44100000
4834 308700000
4835 96018048
4836 220500000
4837 1543500000
4838 672126336
4839 1102500000
4840 787500000
4841 918330048
4842 169869312
4843 288054144
4844 19440000
4845 2016379008
4846 508243680
4847 509607936
4848 97200000
4849 123451776
4850 51861600
4851 486000000
4852 864162432
4853 52907904
4854 37044000
4855 370355328
4856 1815156000
4857 158723712
4858 26460000
4859 1111065984
4860 1296540000
4861 476171136
4862 132300000
4863 926100000
4864 1428513408
4865 661500000
4866 472500000
4867 58320000
4868 1528823808
4869 4445280
4870 31116960
4871 217818720
4872 1524731040
4873 12907776
4874 291600000
4875 90354432
4876 155584800
4877 1089093600
4878 1458000000
4879 15876000
4880 111132000
4881 777924000
4882 307546875
4883 79380000
4884 555660000
4885 56700000
4886 396900000
4887 283500000
4888 1984500000
4889 1417500000
4890 271063296
4891 1897443072
4892 1537734375
4893 174960000
4894 653456160
4895 874800000
4896 9525600
4897 66679200
4898 466754400
4899 16595712
4900 47628000
4901 333396000
4902 116169984
4903 813189888
4904 1666980000
4905 170100000
4906 1190700000
4907 850500000
4908 104976000
4909 7112448
4910 40007520
4911 280052640
4912 1960368480
4913 348509952
4914 524880000
4915 200037600
4916 1400263200
4917 113246208
4918 142884000
4919 1000188000
4920 102060000
4921 714420000
4922 510300000
4923 1045529856
4924 36905625
4925 314928000
4926 840157920
4927 1574640000
4928 339738624
4929 600112800
4930 64012032
4931 428652000
4932 448084224
4933 2143260000
4934 1530900000
4935 188956800
4936 922640625
4937 360067680
4938 192036096
4939 1344252672
4940 1800338400
4941 944784000
4942 1285956000
4943 918540000
4944 1019215872
4945 576108288
4946 1080203040
4947 566870400
4948 771573600
4949 551124000
4950 246903552
4951 462944160
4952 1728324864
4953 1653372000
4954 340122240
4955 1388832480
4956 992023200
4957 1700611200
4958 1785641760
4959 952342272
4960 1020366720
4961 25165824
4962 2304960
4963 16134720
4964 112943040
4965 790601280
4966 22143375
4967 3687936
4968 110716875
4969 25815552
4970 80673600
4971 564715200
4972 180708864
4973 1264962048
4974 8232000
4975 75497472
4976 403368000
4977 553584375
4978 5880000
4979 41160000
4980 288120000
4981 2016840000
4982 11063808
4983 77446656
4984 205800000
4985 1440600000
4986 542126592
4987 147000000
4988 1029000000
4989 105000000
4990 735000000
4991 525000000
4992 300000000
4993 33191424
4994 13286025
4995 232339968
4996 48404160
4997 1500000000
4998 1626379776
4999 66430125
5000 4939200
5001 34574400
5002 242020800
5003 1694145600
5004 226492416
5005 99574272
5006 24696000
5007 697019904
5008 1210104000
5009 332150625
5010 17640000
5011 123480000
5012 864360000
5013 42674688
5014 88200000
5015 617400000
5016 298722816
5017 441000000
5018 2091059712
5019 1575000000
5020 679477248
5021 18289152
5022 1660753125
5023 128024064
5024 145212480
5025 1016487360
5026 896168448
5027 900000000
5028 14817600
5029 103723200
5030 726062400
5031 384072192
5032 39858075
5033 74088000
5034 518616000
5035 164602368
5036 2038431744
5037 370440000
5038 1152216576
5039 264600000
5040 1852200000
5041 493807104
5042 1323000000
5043 945000000
5044 211631616
5045 1481421312
5046 199290375
5047 634894848
5048 435637440
5049 1904684544
5050 21600000
5051 108000000
5052 311169600
5053 996451875
5054 50331648
5055 540000000
5056 1555848000
5057 22680000
5058 158760000
5059 1111320000
5060 113400000
5061 793800000
5062 567000000
5063 150994944
5064 3810240
5065 119574225
5066 186701760
5067 1306912320
5068 3161088
5069 22127616
5070 133358400
5071 933508800
5072 154893312
5073 1084253184
5074 666792000
5075 452984832
5076 476280000
5077 597871125
5078 1701000000
5079 324000000
5080 11430720
5081 80015040
5082 560105280
5083 464679936
5084 71744535
5085 400075200
5086 1620000000
5087 358722675
5088 2000376000
5089 204120000
5090 1428840000
5091 1020600000
5092 1358954496
5093 1394039808
5094 240045120
5095 1680315840
5096 1793613375
5097 171460800
5098 1200225600
5099 122472000
5100 857304000
5101 612360000
5102 597445632
5103 194400000
5104 720135360
5105 215233605
5106 514382400
5107 367416000
5108 1837080000
5109 1792336896
5110 972000000
5111 1076168025
5112 1543147200
5113 1102248000
5114 132269760
5115 925888320
5116 768144384
5117 396809280
5118 1984046400
5119 1190427840
5120 329204736
5121 301989888
5122 645700815
5123 987614208
5124 116640000
5125 423263232
5126 1581202560
5127 1269789696
5128 1937102445
5129 583200000
5130 23049600
5131 161347200
5132 1129430400
5133 2107392
5134 2352000
5135 16464000
5136 115248000
5137 806736000
5138 103262208
5139 722835456
5140 82320000
5141 576240000
5142 905969664
5143 349920000
5144 411600000
5145 42000000
5146 294000000
5147 2058000000
5148 1749600000
5149 1470000000
5150 1050000000
5151 201326592
5152 8398080
5153 2709504
5154 13829760
5155 96808320
5156 677658240
5157 132765696
5158 41990400
5159 929359872
5160 69148800
5161 484041600
5162 209952000
5163 8128512
5164 49392000
5165 345744000
5166 1049760000
5167 398297088
5168 246960000
5169 1728720000
5170 603979776
5171 176400000
5172 1234800000
5173 170698752
5174 882000000
5175 630000000
5176 1194891264
5177 10450944
5178 5927040
5179 73156608
5180 290424960
5181 2032974720
5182 512096256
5183 31352832
5184 377913600
5185 219469824
5186 1452124800
5187 1536288768
5188 1889568000
5189 148176000
5190 1037232000
5191 658409472
5192 226748160
5193 740880000
5194 282175488
5195 1811939328
5196 1975228416
5197 1890000000
5198 1133740800
5199 680244480
5200 17781120
5201 124467840
5202 871274880
5203 2040733440
5204 12700800
5205 88905600
5206 622339200
5207 206524416
5208 63504000
5209 444528000
5210 1445670912
5211 317520000
5212 402653184
5213 1587600000
5214 1134000000
5215 12644352
5216 292968750
5217 88510464
5218 373403520
5219 619573248
5220 38102400
5221 1207959552
5222 1867017600
5223 27216000
5224 190512000
5225 1333584000
5226 136080000
5227 952560000
5228 680400000
5229 1858719744
5230 1464843750
5231 160030080
5232 1120210560
5233 805306368
5234 114307200
5235 800150400
5236 600000000
5237 571536000
5238 796594176
5239 2041200000
5240 68024448
5241 68584320
5242 480090240
5243 341397504
5244 342921600
5245 244944000
5246 1714608000
5247 1224720000
5248 1610612736
5249 1024192512
5250 1440270720
5251 146966400
5252 1028764800
5253 734832000
5254 438939648
5255 617258880
5256 440899200
5257 1316818944
5258 1851776640
5259 1322697600
5260 793618560
5261 1693052928
5262 72000000
5263 360000000
5264 9219840
5265 64538880
5266 451772160
5267 204073344
5268 1800000000
5269 59006976
5270 46099200
5271 322694400
5272 413048832
5273 4704000
5274 32928000
5275 230496000
5276 1613472000
5277 25288704
5278 23520000
5279 177020928
5280 1152480000
5281 1239146496
5282 117600000
5283 823200000
5284 84000000
5285 588000000
5286 420000000
5287 2100000000
5288 75866112
5289 531062784
5290 7031250
5291 612220032
5292 193616640
5293 1355316480
5294 216000000
5295 227598336
5296 1080000000
5297 1593188352
5298 968083200
5299 35156250
5300 14112000
5301 98784000
5302 691488000
5303 682795008
5304 175781250
5305 493920000
5306 50400000
5307 352800000
5308 292626432
5309 1764000000
5310 2048385024
5311 125411328
5312 878906250
5313 877879296
5314 82978560
5315 580849920
5316 376233984
5317 1128701952
5318 59270400
5319 414892800
5320 648000000
5321 1836660096
5322 296352000
5323 2074464000
5324 30240000
5325 211680000
5326 1481760000
5327 826097664
5328 1058400000
5329 756000000
5330 3110400
5331 15552000
5332 35562240
5333 248935680
5334 1742549760
5335 354041856
5336 25401600
5337 177811200
5338 1244678400
5339 388800000
5340 127008000
5341 889056000
5342 151732224
5343 635040000
5344 1062125568
5345 1944000000
5346 15240960
5347 106686720
5348 746807040
5349 455196672
5350 76204800
5351 533433600
5352 54432000
5353 381024000
5354 272160000
5355 1905120000
5356 1365590016
5357 83607552
5358 46656000
5359 320060160
5360 585252864
5361 250822656
5362 1600300800
5363 1755758592
5364 1143072000
5365 816480000
5366 1166400000
5367 137168640
5368 960180480
5369 97977600
5370 685843200
5371 489888000
5372 58786560
5373 411505920
5374 293932800
5375 2057529600
5376 1652195328
5377 176359680
5378 1234517760
5379 881798400
5380 529079040
5381 1587237120
5382 699840000
5383 708083712
5384 16796160
5385 18439680
5386 129077760
5387 903544320
5388 83980800
5389 303464448
5390 105468750
5391 2124251136
5392 645388800
5393 527343750
5394 419904000
5395 130056192
5396 460992000
5397 910393344
5398 2099520000
5399 329280000
5400 55738368
5401 390168576
5402 1646400000
5403 172186884
5404 1176000000
5405 840000000
5406 1170505728
5407 501645312
5408 1259712000
5409 1504935936
5410 387233280
5411 151165440
5412 9765625
5413 39513600
5414 276595200
5415 1936166400
5416 755827200
5417 472055808
5418 197568000
5419 1382976000
5420 453496320
5421 141120000
5422 987840000
5423 202309632
5424 705600000
5425 1360488960
5426 1416167424
5427 48828125
5428 23708160
5429 165957120
5430 1161699840
5431 606928896
5432 16934400
5433 118540800
5434 829785600
5435 260112384
5436 84672000
5437 592704000
5438 1820786688
5439 423360000
5440 302400000
5441 2116800000
5442 1512000000
5443 334430208
5444 10160640
5445 1003290624
5446 497871360
5447 48000000
5448 50803200
5449 355622400
5450 36288000
5451 254016000
5452 1778112000
5453 944111616
5454 1270080000
5455 1220703125
5456 1200000000
5457 57802752
5458 213373440
5459 1493614080
5460 404619264
5461 152409600
5462 1066867200
5463 173408256
5464 762048000
5465 544320000
5466 1213857792
5467 91445760
5468 640120320
5469 520224768
5470 457228800
5471 326592000
5472 1632960000
5473 1560674304
5474 1582031250
5475 1920360960
5476 668860416
5477 1371686400
5478 2006581248
5479 144000000
5480 823011840
5481 587865600
5482 352719360
5483 1763596800
5484 1058158080
5485 1888223232
5486 720000000
5487 516560652
5488 36879360
5489 258155520
5490 1807088640
5491 809238528
5492 3763200
5493 49545216
5494 184396800
5495 1290777600
5496 346816512
5497 148635648
5498 131712000
5499 921984000
5500 1040449536
5501 445906944
5502 658560000
5503 1337720832
5504 470400000
5505 336000000
5506 1680000000
5507 77070336
5508 432000000
5509 539492352
5510 110638080
5511 774466560
5512 33030144
5513 231211008
5514 79027200
5515 553190400
5516 1618477056
5517 99090432
5518 395136000
5519 693633024
5520 282240000
5521 1975680000
5522 297271296
5523 1411200000
5524 2080899072
5525 891813888
5526 1549681956
5527 47416320
5528 331914240
5529 154140672
5530 259200000
5531 1078984704
5532 1659571200
5533 1296000000
5534 169344000
5535 1185408000
5536 462422016
5537 846720000
5538 604800000
5539 1387266048
5540 20321280
5541 594542592
5542 995742720
5543 1783627776
5544 101606400
5545 711244800
5546 72576000
5547 508032000
5548 362880000
5549 1814400000
5550 949218750
5551 924844032
5552 426746880
5553 396361728
5554 777600000
5555 2133734400
5556 1189085184
5557 1524096000
5558 1088640000
5559 616562688
5560 182891520
5561 1280240640
5562 264241152
5563 914457600
5564 1849688064
5565 792723456
5566 548674560
5567 466560000
5568 1959552000
5569 1233125376
5570 1646023680
5571 1175731200
5572 705438720
5573 2116316160
5574 1585446912
5575 352321536
5576 55987200
5577 1056964608
5578 516311040
5579 704643072
5580 279936000
5581 2113929216
5582 368793600
5583 1409286144
5584 37632000
5585 1399680000
5586 1843968000
5587 33592320
5588 188160000
5589 1317120000
5590 134400000
5591 940800000
5592 672000000
5593 22781250
5594 4515840
5595 839808000
5596 221276160
5597 1548933120
5598 4117715
5599 28824005
5600 158054400
5601 1106380800
5602 201768035
5603 1412376245
5604 790272000
5605 503884800
5606 564480000
5607 403200000
5608 2016000000
5609 569531250
5610 13547520
5611 1511654400
5612 663828480
5613 9676800
5614 67737600
5615 474163200
5616 906992640
5617 338688000
5618 241920000
5619 1693440000
5620 1209600000
5621 1008840175
5622 40642560
5623 284497920
5624 1991485440
5625 29030400
5626 203212800
5627 1422489600
5628 145152000
5629 1016064000
5630 725760000
5631 17418240
5632 121927680
5633 853493760
5634 87091200
5635 609638400
5636 435456000
5637 720600125
5638 365783040
5639 261273600
5640 1828915200
5641 1306368000
5642 156764160
5643 1097349120
5644 783820800
5645 470292480
5646 1410877440
5647 10504375
5648 488281250
5649 73530625
5650 147517440
5651 1032622080
5652 514714375
5653 15052800
5654 105369600
5655 737587200
5656 10752000
5657 75264000
5658 526848000
5659 53760000
5660 376320000
5661 268800000
5662 1881600000
5663 1344000000
5664 367653125
5665 57600000
5666 63221760
5667 442552320
5668 288000000
5669 45349632
5670 316108800
5671 1440000000
5672 225792000
5673 1580544000
5674 262609375
5675 1128960000
5676 1838265625
5677 1708593750
5678 27095040
5679 189665280
5680 1327656960
5681 26796875
5682 135475200
5683 948326400
5684 187578125
5685 677376000
5686 1313046875
5687 34560000
5688 81285120
5689 568995840
5690 58060800
5691 406425600
5692 290304000
5693 2032128000
5694 1451520000
5695 864000000
5696 243855360
5697 1706987520
5698 174182400
5699 1219276800
5700 870912000
5701 104509440
5702 731566080
5703 522547200
5704 478515625
5705 1567641600
5706 940584960
5707 1708984375
5708 136048896
5709 42147840
5710 295034880
5711 2065244160
5712 103680000
5713 41006250
5714 210739200
5715 1475174400
5716 518400000
5717 150528000
5718 1053696000
5719 205031250
5720 752640000
5721 537600000
5722 8235430
5723 57648010
5724 126443520
5725 885104640
5726 403536070
5727 408146688
5728 632217600
5729 1025156250
5730 451584000
5731 322560000
5732 1612800000
5733 7741440
5734 54190080
5735 379330560
5736 1555200000
5737 270950400
5738 1896652800
5739 193536000
5740 1354752000
5741 967680000
5742 288240050
5743 2017680350
5744 1137991680
5745 116121600
5746 812851200
5747 580608000
5748 186624000
5749 487710720
5750 348364800
5751 1741824000
5752 933120000
5753 1463132160
5754 1045094400
5755 627056640
5756 1881169920
5757 205885750
5758 22394880
5759 1441200250
5760 590069760
5761 111974400
5762 60211200
5763 421478400
5764 559872000
5765 1224440064
5766 2107392000
5767 215040000
5768 1505280000
5769 1075200000
5770 123018750
5771 147061250
5772 252887040
5773 1770209280
5774 1029428750
5775 1679616000
5776 1264435200
5777 615093750
5778 903168000
5779 645120000
5780 201553920
5781 108380160
5782 758661120
5783 1007769600
5784 541900800
5785 735306250
5786 1935360000
5787 604661760
5788 325140480
5789 232243200
5790 1625702400
5791 1161216000
5792 1813985280
5793 975421440
5794 696729600
5795 525218750
5796 2090188800
5797 1254113280
5798 7812500
5799 24084480
5800 168591360
5801 1180139520
5802 53593750
5803 375156250
5804 842956800
5805 86016000
5806 602112000
5807 430080000
5808 73811250
5809 267968750
5810 505774080
5811 1875781250
5812 361267200
5813 258048000
5814 1806336000
5815 1290240000
5816 369056250
5817 1339843750
5818 1517322240
5819 154828800
5820 1083801600
5821 960000000
5822 957031250
5823 650280960
5824 683593750
5825 1845281250
5826 1950842880
5827 1393459200
5828 836075520
5829 195312500
5830 48168960
5831 337182720
5832 34406400
5833 240844800
5834 1685913600
5835 172032000
5836 1204224000
5837 860160000
5838 20643840
5839 144506880
5840 1011548160
5841 807072140
5842 722534400
5843 516096000
5844 576000000
5845 433520640
5846 976562500
5847 1548288000
5848 185794560
5849 1300561920
5850 928972800
5851 557383680
5852 1672151040
5853 13762560
5854 96337920
5855 674365440
5856 82354300
5857 481689600
5858 576480100
5859 1720320000
5860 69120000
5861 289013760
5862 2023096320
5863 345600000
5864 1445068800
5865 1032192000
5866 1107168750
5867 867041280
5868 1728000000
5869 371589120
5870 1857945600
5871 1114767360
5872 411771500
5873 192675840
5874 1348730880
5875 137625600
5876 963379200
5877 688128000
5878 82575360
5879 578027520
5880 412876800
5881 2064384000
5882 247726080
5883 1734082560
5884 1238630400
5885 743178240
5886 2058857500
5887 385351680
5888 1036800000
5889 1926758400
5890 1376256000
5891 165150720
5892 1156055040
5893 825753600
5894 495452160
5895 1486356480
5896 210087500
5897 770703360
5898 1470612500
5899 330301440
5900 1651507200
5901 990904320
5902 664301250
5903 1541406720
5904 1101004800
5905 660602880
5906 1981808640
5907 1050437500
5908 1321205760
5909 880803840
5910 1761607680
0 Front:2 Back: 1
1 Front:3 Back: 2
2 Front:4 Back: 3
3 Front:5 Back: 4
4 Front:6 Back: 5
5 Front:7 Back: 6
6 Front:8 Back: 7
7 Front:9 Back: 8
8 Front:10 Back: 9
9 Front:12 Back: 10
10 Front:14 Back: 12
11 Front:15 Back: 14
12 Front:16 Back: 15
13 Front:18 Back: 16
14 Front:20 Back: 18
15 Front:21 Back: 20
16 Front:24 Back: 21
17 Front:25 Back: 24
18 Front:27 Back: 25
