1 1
2 2
6 3
24 4
12 5
72 6
504 7
4032 8
36288 9
36288 10
399168 11
4790016 12
8 13
112 14
168 15
2688 16
45696 17
822528 18
2 19
4 20
84 21
1848 22
42504 23
1020096 24
255024 25
6630624 26
8 27
224 28
6496 29
19488 30
604128 31
6 32
198 33
6732 34
23562 35
848232 36
4 37
152 38
5928 39
23712 40
972192 41
4 42
172 43
7568 44
34056 45
1566576 46
2 47
96 48
4704 49
2352 50
119952 51
6237504 52
2 53
108 54
594 55
33264 56
1896048 57
4 58
236 59
1416 60
86376 61
5355312 62
6 63
384 64
2496 65
164736 66
2 67
136 68
9384 69
65688 70
4663848 71
6 72
438 73
32412 74
24309 75
1847484 76
8 77
624 78
49296 79
394368 80
8 81
656 82
54448 83
4573632 84
2 85
172 86
14964 87
1316832 88
8 89
72 90
6552 91
602784 92
2 93
188 94
1786 95
171456 96
2 97
196 98
19404 99
19404 100
1959804 101
8 102
824 103
85696 104
899808 105
8 106
856 107
92448 108
2 109
22 110
2442 111
273504 112
2 113
228 114
2622 115
304152 116
4 117
472 118
56168 119
674016 120
6 121
732 122
90036 123
4 124
5 125
63 126
8001 127
1024128 128
2 129
26 130
3406 131
449592 132
6 133
804 134
10854 135
1476144 136
8 137
1104 138
153456 139
2148384 140
4 141
568 142
81224 143
6 144
87 145
12702 146
1867194 147
2 148
298 149
447 150
67497 151
4 152
612 153
94248 154
1460844 155
4 156
628 157
99224 158
6 159
96 160
15456 161
2503872 162
6 163
984 164
16236 165
2695176 166
2 167
336 168
56784 169
965328 170
8 171
1376 172
238048 173
2 174
35 175
616 176
109032 177
6 178
1074 179
19332 180
3499092 181
4 182
732 183
134688 184
2491728 185
8 186
1496 187
281248 188
2 189
38 190
7258 191
1393536 192
8 193
1552 194
30264 195
5931744 196
8 197
1584 198
315216 199
630432 200
2 201
404 202
82012 203
8 204
164 205
33784 206
6993288 207
4 208
836 209
17556 210
3704316 211
2 212
426 213
91164 214
1960026 215
6 216
1302 217
283836 218
4 219
88 220
19448 221
4317456 222
8 223
1792 224
4032 225
911232 226
4 227
912 228
208848 229
4803504 230
4 231
928 232
216224 233
6 234
141 235
33276 236
7886412 237
6 238
1434 239
34416 240
8294256 241
2 242
486 243
118584 244
2905308 245
8 246
1976 247
490048 248
2 249
5 250
1255 251
31626 252
8001378 253
2 254
51 255
13056 256
3355392 257
6 258
1554 259
40404 260
4 261
1048 262
275624 263
6 264
159 265
42294 266
8 267
2144 268
576736 269
2 270
542 271
147424 272
2 273
548 274
1507 275
415932 276
4 277
1112 278
310248 279
8686944 280
4 281
1128 282
319224 283
6 284
171 285
48906 286
2 287
576 288
166464 289
4827456 290
6 291
1752 292
513336 293
4 294
118 295
34928 296
6 297
1788 298
534612 299
1603836 300
6 301
1812 302
549036 303
4 304
122 305
37332 306
4 307
1232 308
380688 309
8 310
2488 311
776256 312
8 313
2512 314
79128 315
8 316
2536 317
806448 318
2 319
64 320
20544 321
6615168 322
4 323
1296 324
4212 325
1373112 326
4 327
1312 328
431648 329
4 330
1324 331
439568 332
4 333
1336 334
44756 335
6 336
2022 337
683436 338
4 339
136 340
46376 341
2 342
686 343
235984 344
8141448 345
8 346
2776 347
966048 348
2 349
7 350
2457 351
864864 352
2 353
708 354
25134 355
8947704 356
8 357
2864 358
1028176 359
6 360
2166 361
784092 362
6 363
2184 364
79716 365
6 366
2202 367
810336 368
4 369
148 370
54908 371
6 372
2238 373
837012 374
3138795 375
2 376
754 377
285012 378
8 379
304 380
115824 381
8 382
3064 383
1176576 384
6 385
2316 386
896292 387
6 388
2334 389
91026 390
6 391
2352 392
924336 393
4 394
158 395
62568 396
6 397
2388 398
952812 399
3811248 400
8 401
3216 402
1296048 403
2 404
81 405
32886 406
2 407
816 408
333744 409
4 410
1644 411
677328 412
4 413
1656 414
68724 415
4 416
1668 417
697224 418
6 419
252 420
106092 421
4 422
1692 423
717408 424
3048984 425
4 426
1708 427
731024 428
6 429
258 430
111198 431
6 432
2598 433
1127532 434
2 435
872 436
381064 437
2 438
878 439
38632 440
2 441
884 442
391612 443
8 444
356 445
158776 446
2 447
896 448
402304 449
1810368 450
8 451
3616 452
1638048 453
2 454
91 455
41496 456
2 457
916 458
420444 459
4 460
1844 461
851928 462
4 463
1856 464
86304 465
4 466
1868 467
874224 468
6 469
282 470
132822 471
4 472
1892 473
896808 474
4259838 475
8 476
3816 477
1824048 478
2 479
96 480
46176 481
2 482
966 483
467544 484
4 485
1944 486
946728 487
4 488
1956 489
95844 490
4 491
1968 492
970224 493
6 494
297 495
147312 496
4 497
1992 498
994008 499
497004 500
4 501
2008 502
1010024 503
6 504
303 505
153318 506
6 507
3048 508
1551432 509
2 510
1022 511
523264 512
2 513
1028 514
52942 515
2 516
1034 517
535612 518
8 519
416 520
216736 521
2 522
1046 523
548104 524
2877546 525
6 526
3162 527
1669536 528
4 529
212 530
112572 531
4 532
2132 533
1138488 534
8 535
4288 536
2302656 537
8 538
4312 539
232848 540
8 541
4336 542
2354448 543
2 544
109 545
59514 546
8 547
4384 548
2406816 549
8 550
4408 551
2433216 552
8 553
4432 554
245976 555
6 556
3342 557
1864836 558
4 559
224 560
125664 561
8 562
4504 563
2540256 564
4 565
2264 566
1283688 567
4 568
2276 569
129732 570
2 571
1144 572
655512 573
8 574
46 575
26496 576
2 577
1156 578
669324 579
2 580
1162 581
676284 582
2 583
1168 584
68328 585
8 586
4696 587
2761248 588
2 589
118 590
69738 591
6 592
3558 593
2113452 594
4 595
2384 596
1423248 597
4 598
2396 599
14376 600
8639976 601
2 602
1206 603
728424 604
2 605
1212 606
735684 607
2 608
1218 609
74298 610
8 611
4896 612
3001248 613
2 614
123 615
75768 616
6 617
3708 618
2295252 619
4 620
2484 621
1545048 622
4 623
2496 624
156 625
97656 626
2 627
1256 628
790024 629
2 630
1262 631
797584 632
2 633
1268 634
80518 635
8 636
5096 637
3251248 638
2 639
128 640
82048 641
6 642
3858 643
2484552 644
4 645
